  [4;36;1mSQL (4.0ms)[0m   [0;1m SELECT name
 FROM sqlite_master
 WHERE type = 'table' AND NOT name = 'sqlite_sequence'
[0m
  [4;35;1mSQL (1.0ms)[0m   [0mselect sqlite_version(*)[0m
  [4;36;1mSQL (150.0ms)[0m   [0;1mCREATE TABLE "schema_migrations" ("version" varchar(255) NOT NULL) [0m
  [4;35;1mSQL (0.0ms)[0m   [0mPRAGMA index_list("schema_migrations")[0m
  [4;36;1mSQL (237.0ms)[0m   [0;1mCREATE UNIQUE INDEX "unique_schema_migrations" ON "schema_migrations" ("version")[0m
  [4;35;1mSQL (1.0ms)[0m   [0m SELECT name
 FROM sqlite_master
 WHERE type = 'table' AND NOT name = 'sqlite_sequence'
[0m
  [4;36;1mSQL (0.0ms)[0m   [0;1mSELECT version FROM schema_migrations[0m
Migrating to CreateGardens (20110424063948)
  [4;35;1mSQL (3.0ms)[0m   [0mCREATE TABLE "gardens" ("id" INTEGER PRIMARY KEY AUTOINCREMENT NOT NULL, "name" varchar(255), "width" float, "height" float, "password" varchar(255), "public" boolean, "info" text, "city" varchar(255), "state" varchar(255), "created_at" datetime, "updated_at" datetime) [0m
  [4;36;1mSQL (1.0ms)[0m   [0;1mINSERT INTO schema_migrations (version) VALUES ('20110424063948')[0m
Migrating to CreatePlots (20110424064338)
  [4;35;1mSQL (3.0ms)[0m   [0mCREATE TABLE "plots" ("id" INTEGER PRIMARY KEY AUTOINCREMENT NOT NULL, "garden_id" integer, "name" varchar(255), "shape" integer, "color" integer, "angle" float, "points" varchar(255), "info" text, "created_at" datetime, "updated_at" datetime) [0m
  [4;36;1mSQL (0.0ms)[0m   [0;1mINSERT INTO schema_migrations (version) VALUES ('20110424064338')[0m
Migrating to CreatePlants (20110424065533)
  [4;35;1mSQL (3.0ms)[0m   [0mCREATE TABLE "plants" ("id" INTEGER PRIMARY KEY AUTOINCREMENT NOT NULL, "plot_id" integer, "name" varchar(255), "species" varchar(255), "online_entry" varchar(255), "info" text, "created_at" datetime, "updated_at" datetime) [0m
  [4;36;1mSQL (1.0ms)[0m   [0;1mINSERT INTO schema_migrations (version) VALUES ('20110424065533')[0m
  [4;35;1mSQL (1.0ms)[0m   [0m SELECT name
 FROM sqlite_master
 WHERE type = 'table' AND NOT name = 'sqlite_sequence'
[0m
  [4;36;1mSQL (1.0ms)[0m   [0;1mSELECT version FROM schema_migrations[0m
  [4;35;1mSQL (1.0ms)[0m   [0m SELECT name
 FROM sqlite_master
 WHERE type = 'table' AND NOT name = 'sqlite_sequence'
[0m
  [4;36;1mSQL (0.0ms)[0m   [0;1mPRAGMA index_list("gardens")[0m
  [4;35;1mSQL (0.0ms)[0m   [0mPRAGMA index_list("plants")[0m
  [4;36;1mSQL (0.0ms)[0m   [0;1mPRAGMA index_list("plots")[0m


Processing GardensController#index (for 127.0.0.1 at 2011-04-24 00:28:21) [GET]
  [4;36;1mGarden Load (3.0ms)[0m   [0;1mSELECT * FROM "gardens" [0m
Rendering template within layouts/gardens
Rendering gardens/index
Completed in 30445ms (View: 30395, DB: 3) | 200 OK [http://localhost/]


Processing GardensController#index (for 127.0.0.1 at 2011-04-24 00:30:15) [GET]
  [4;35;1mGarden Load (2.0ms)[0m   [0mSELECT * FROM "gardens" [0m
Rendering template within layouts/gardens
Rendering gardens/index
Completed in 52ms (View: 10, DB: 2) | 200 OK [http://localhost/]


Processing GardensController#index (for 127.0.0.1 at 2011-04-24 00:33:42) [GET]
  [4;36;1mGarden Load (3.0ms)[0m   [0;1mSELECT * FROM "gardens" [0m
Rendering template within layouts/gardens
Rendering gardens/index
Completed in 47ms (View: 18, DB: 3) | 200 OK [http://localhost/]


Processing GardensController#index (for 127.0.0.1 at 2011-04-24 00:37:05) [GET]
  [4;35;1mGarden Load (3.0ms)[0m   [0mSELECT * FROM "gardens" [0m
Rendering template within layouts/gardens
Rendering gardens/index
Completed in 111ms (View: 52, DB: 3) | 200 OK [http://localhost/]


Processing GardensController#index (for 127.0.0.1 at 2011-04-24 00:37:11) [GET]
  [4;36;1mGarden Load (5.0ms)[0m   [0;1mSELECT * FROM "gardens" [0m
Rendering template within layouts/gardens
Rendering gardens/index
Completed in 37ms (View: 10, DB: 5) | 200 OK [http://localhost/]


Processing GardensController#index (for 127.0.0.1 at 2011-04-24 00:37:28) [GET]
  [4;35;1mGarden Load (2.0ms)[0m   [0mSELECT * FROM "gardens" [0m
Rendering template within layouts/scaffold
Rendering gardens/index
Completed in 122ms (View: 88, DB: 2) | 200 OK [http://localhost/]


Processing GardensController#index (for 127.0.0.1 at 2011-04-24 00:37:35) [GET]
  [4;36;1mGarden Load (2.0ms)[0m   [0;1mSELECT * FROM "gardens" [0m
Rendering template within layouts/scaffold
Rendering gardens/index
Completed in 63ms (View: 9, DB: 2) | 200 OK [http://localhost/]


Processing GardensController#index (for 127.0.0.1 at 2011-04-24 00:37:37) [GET]
  [4;35;1mGarden Load (11.0ms)[0m   [0mSELECT * FROM "gardens" [0m
Rendering template within layouts/scaffold
Rendering gardens/index
Completed in 50ms (View: 12, DB: 11) | 200 OK [http://localhost/]


Processing GardensController#index (for 127.0.0.1 at 2011-04-24 00:39:00) [GET]
  [4;36;1mGarden Load (3.0ms)[0m   [0;1mSELECT * FROM "gardens" [0m
Rendering template within layouts/scaffold
Rendering gardens/index
Completed in 82ms (View: 37, DB: 3) | 200 OK [http://localhost/]


Processing GardensController#index (for 127.0.0.1 at 2011-04-24 00:39:42) [GET]
  [4;35;1mGarden Load (2.0ms)[0m   [0mSELECT * FROM "gardens" [0m
Rendering template within layouts/scaffold
Rendering gardens/index
Completed in 54ms (View: 21, DB: 2) | 200 OK [http://localhost/]


Processing GardensController#index (for 127.0.0.1 at 2011-04-24 00:40:36) [GET]
  [4;36;1mGarden Load (2.0ms)[0m   [0;1mSELECT * FROM "gardens" [0m
Rendering template within layouts/scaffold
Rendering gardens/index
Completed in 77ms (View: 41, DB: 2) | 200 OK [http://localhost/]


Processing GardensController#index (for 127.0.0.1 at 2011-04-24 00:41:01) [GET]
  [4;35;1mGarden Load (2.0ms)[0m   [0mSELECT * FROM "gardens" [0m
Rendering template within layouts/scaffold
Rendering gardens/index
Completed in 60ms (View: 30, DB: 2) | 200 OK [http://localhost/]


Processing GardensController#index (for 127.0.0.1 at 2011-04-24 01:03:56) [GET]
  [4;36;1mGarden Load (2.0ms)[0m   [0;1mSELECT * FROM "gardens" [0m
Rendering template within layouts/scaffold
Rendering gardens/index
ERROR: compiling _run_erb_app47views47gardens47index46html46erb RAISED compile error
C:/Users/Kevin/Documents/CS 160/gardengnome/app/views/gardens/index.html.erb:23: syntax error, unexpected kENSURE, expecting kEND
C:/Users/Kevin/Documents/CS 160/gardengnome/app/views/gardens/index.html.erb:25: syntax error, unexpected $end, expecting kEND
Function body:           def _run_erb_app47views47gardens47index46html46erb(local_assigns)
            old_output_buffer = output_buffer;;@output_buffer = '';  __in_erb_template=true ; @output_buffer.concat "<div style=\"text-align: center\">\n"
; @output_buffer.concat(( image_tag "/images/logo.png", :alt => "GardenGnome" ).to_s); @output_buffer.concat "\n</div>\n<table>\n  <tr>\n  </tr>\n\n"





;  @gardens.each do |garden| ; @output_buffer.concat "\n  "
;  if garden.public ; @output_buffer.concat "\n  <tr>\n    <td>"

; @output_buffer.concat((h garden.name ).to_s); @output_buffer.concat "</td>\n    <td>"
; @output_buffer.concat((h garden.city ).to_s); @output_buffer.concat ", "; @output_buffer.concat((h garden.state ).to_s); @output_buffer.concat "</td>\n    <td>"
; @output_buffer.concat(( link_to 'Show', garden ).to_s); @output_buffer.concat "</td>\n    <!--td>"
; @output_buffer.concat(( link_to 'Edit', edit_garden_path(garden) ).to_s); @output_buffer.concat "</td-->\n    <!--td>"
; @output_buffer.concat(( link_to 'Destroy', garden, :confirm => 'Are you sure?', :method => :delete ).to_s); @output_buffer.concat "</td-->\n  </tr>\n"

;  end ; @output_buffer.concat "\n</table>\n\n<br />\n\n"




; @output_buffer.concat(( link_to 'New garden', new_garden_path ).to_s); @output_buffer
          ensure
            self.output_buffer = old_output_buffer
          end
Backtrace: C:/Users/Kevin/Documents/CS 160/gardengnome/app/views/gardens/index.html.erb:25:in `compile!'
C:/Ruby187/lib/ruby/gems/1.8/gems/actionpack-2.3.8/lib/action_view/renderable.rb:61:in `compile'
C:/Ruby187/lib/ruby/gems/1.8/gems/actionpack-2.3.8/lib/action_view/renderable.rb:28:in `render'
C:/Ruby187/lib/ruby/gems/1.8/gems/actionpack-2.3.8/lib/action_view/template.rb:205:in `render_template'
C:/Ruby187/lib/ruby/gems/1.8/gems/actionpack-2.3.8/lib/action_view/base.rb:265:in `render'
C:/Ruby187/lib/ruby/gems/1.8/gems/actionpack-2.3.8/lib/action_view/base.rb:348:in `_render_with_layout'
C:/Ruby187/lib/ruby/gems/1.8/gems/actionpack-2.3.8/lib/action_view/base.rb:262:in `render'
C:/Ruby187/lib/ruby/gems/1.8/gems/actionpack-2.3.8/lib/action_controller/base.rb:1250:in `render_for_file'
C:/Ruby187/lib/ruby/gems/1.8/gems/actionpack-2.3.8/lib/action_controller/base.rb:942:in `render_without_benchmark'
C:/Ruby187/lib/ruby/gems/1.8/gems/actionpack-2.3.8/lib/action_controller/benchmarking.rb:51:in `render'
C:/Ruby187/lib/ruby/gems/1.8/gems/activesupport-2.3.8/lib/active_support/core_ext/benchmark.rb:17:in `ms'
C:/Ruby187/lib/ruby/1.8/benchmark.rb:308:in `realtime'
C:/Ruby187/lib/ruby/gems/1.8/gems/activesupport-2.3.8/lib/active_support/core_ext/benchmark.rb:17:in `ms'
C:/Ruby187/lib/ruby/gems/1.8/gems/actionpack-2.3.8/lib/action_controller/benchmarking.rb:51:in `render'
C:/Ruby187/lib/ruby/gems/1.8/gems/actionpack-2.3.8/lib/action_controller/mime_responds.rb:135:in `send'
C:/Ruby187/lib/ruby/gems/1.8/gems/actionpack-2.3.8/lib/action_controller/mime_responds.rb:135:in `custom'
C:/Ruby187/lib/ruby/gems/1.8/gems/actionpack-2.3.8/lib/action_controller/mime_responds.rb:179:in `call'
C:/Ruby187/lib/ruby/gems/1.8/gems/actionpack-2.3.8/lib/action_controller/mime_responds.rb:179:in `respond'
C:/Ruby187/lib/ruby/gems/1.8/gems/actionpack-2.3.8/lib/action_controller/mime_responds.rb:173:in `each'
C:/Ruby187/lib/ruby/gems/1.8/gems/actionpack-2.3.8/lib/action_controller/mime_responds.rb:173:in `respond'
C:/Ruby187/lib/ruby/gems/1.8/gems/actionpack-2.3.8/lib/action_controller/mime_responds.rb:107:in `respond_to'
C:/Users/Kevin/Documents/CS 160/gardengnome/app/controllers/gardens_controller.rb:9:in `index'
C:/Ruby187/lib/ruby/gems/1.8/gems/actionpack-2.3.8/lib/action_controller/base.rb:1331:in `send'
C:/Ruby187/lib/ruby/gems/1.8/gems/actionpack-2.3.8/lib/action_controller/base.rb:1331:in `perform_action_without_filters'
C:/Ruby187/lib/ruby/gems/1.8/gems/actionpack-2.3.8/lib/action_controller/filters.rb:617:in `call_filters'
C:/Ruby187/lib/ruby/gems/1.8/gems/actionpack-2.3.8/lib/action_controller/filters.rb:610:in `perform_action_without_benchmark'
C:/Ruby187/lib/ruby/gems/1.8/gems/actionpack-2.3.8/lib/action_controller/benchmarking.rb:68:in `perform_action_without_rescue'
C:/Ruby187/lib/ruby/gems/1.8/gems/activesupport-2.3.8/lib/active_support/core_ext/benchmark.rb:17:in `ms'
C:/Ruby187/lib/ruby/1.8/benchmark.rb:308:in `realtime'
C:/Ruby187/lib/ruby/gems/1.8/gems/activesupport-2.3.8/lib/active_support/core_ext/benchmark.rb:17:in `ms'
C:/Ruby187/lib/ruby/gems/1.8/gems/actionpack-2.3.8/lib/action_controller/benchmarking.rb:68:in `perform_action_without_rescue'
C:/Ruby187/lib/ruby/gems/1.8/gems/actionpack-2.3.8/lib/action_controller/rescue.rb:160:in `perform_action_without_flash'
C:/Ruby187/lib/ruby/gems/1.8/gems/actionpack-2.3.8/lib/action_controller/flash.rb:151:in `perform_action'
C:/Ruby187/lib/ruby/gems/1.8/gems/actionpack-2.3.8/lib/action_controller/base.rb:532:in `send'
C:/Ruby187/lib/ruby/gems/1.8/gems/actionpack-2.3.8/lib/action_controller/base.rb:532:in `process_without_filters'
C:/Ruby187/lib/ruby/gems/1.8/gems/actionpack-2.3.8/lib/action_controller/filters.rb:606:in `process'
C:/Ruby187/lib/ruby/gems/1.8/gems/actionpack-2.3.8/lib/action_controller/base.rb:391:in `process'
C:/Ruby187/lib/ruby/gems/1.8/gems/actionpack-2.3.8/lib/action_controller/base.rb:386:in `call'
C:/Ruby187/lib/ruby/gems/1.8/gems/actionpack-2.3.8/lib/action_controller/routing/route_set.rb:438:in `call'
C:/Ruby187/lib/ruby/gems/1.8/gems/actionpack-2.3.8/lib/action_controller/dispatcher.rb:87:in `dispatch'
C:/Ruby187/lib/ruby/gems/1.8/gems/actionpack-2.3.8/lib/action_controller/dispatcher.rb:121:in `_call'
C:/Ruby187/lib/ruby/gems/1.8/gems/actionpack-2.3.8/lib/action_controller/dispatcher.rb:130:in `build_middleware_stack'
C:/Ruby187/lib/ruby/gems/1.8/gems/activerecord-2.3.8/lib/active_record/query_cache.rb:29:in `call'
C:/Ruby187/lib/ruby/gems/1.8/gems/activerecord-2.3.8/lib/active_record/query_cache.rb:29:in `call'
C:/Ruby187/lib/ruby/gems/1.8/gems/activerecord-2.3.8/lib/active_record/connection_adapters/abstract/query_cache.rb:34:in `cache'
C:/Ruby187/lib/ruby/gems/1.8/gems/activerecord-2.3.8/lib/active_record/query_cache.rb:9:in `cache'
C:/Ruby187/lib/ruby/gems/1.8/gems/activerecord-2.3.8/lib/active_record/query_cache.rb:28:in `call'
C:/Ruby187/lib/ruby/gems/1.8/gems/activerecord-2.3.8/lib/active_record/connection_adapters/abstract/connection_pool.rb:361:in `call'
C:/Ruby187/lib/ruby/gems/1.8/gems/actionpack-2.3.8/lib/action_controller/string_coercion.rb:25:in `call'
C:/Ruby187/lib/ruby/gems/1.8/gems/rack-1.1.0/lib/rack/head.rb:9:in `call'
C:/Ruby187/lib/ruby/gems/1.8/gems/rack-1.1.0/lib/rack/methodoverride.rb:24:in `call'
C:/Ruby187/lib/ruby/gems/1.8/gems/actionpack-2.3.8/lib/action_controller/params_parser.rb:15:in `call'
C:/Ruby187/lib/ruby/gems/1.8/gems/actionpack-2.3.8/lib/action_controller/session/cookie_store.rb:99:in `call'
C:/Ruby187/lib/ruby/gems/1.8/gems/actionpack-2.3.8/lib/action_controller/failsafe.rb:26:in `call'
C:/Ruby187/lib/ruby/gems/1.8/gems/rack-1.1.0/lib/rack/lock.rb:11:in `call'
C:/Ruby187/lib/ruby/gems/1.8/gems/rack-1.1.0/lib/rack/lock.rb:11:in `synchronize'
C:/Ruby187/lib/ruby/gems/1.8/gems/rack-1.1.0/lib/rack/lock.rb:11:in `call'
C:/Ruby187/lib/ruby/gems/1.8/gems/actionpack-2.3.8/lib/action_controller/dispatcher.rb:114:in `call'
C:/Ruby187/lib/ruby/gems/1.8/gems/actionpack-2.3.8/lib/action_controller/reloader.rb:34:in `run'
C:/Ruby187/lib/ruby/gems/1.8/gems/actionpack-2.3.8/lib/action_controller/dispatcher.rb:108:in `call'
C:/Ruby187/lib/ruby/gems/1.8/gems/rails-2.3.8/lib/rails/rack/static.rb:31:in `call'
C:/Ruby187/lib/ruby/gems/1.8/gems/rack-1.1.0/lib/rack/urlmap.rb:47:in `call'
C:/Ruby187/lib/ruby/gems/1.8/gems/rack-1.1.0/lib/rack/urlmap.rb:41:in `each'
C:/Ruby187/lib/ruby/gems/1.8/gems/rack-1.1.0/lib/rack/urlmap.rb:41:in `call'
C:/Ruby187/lib/ruby/gems/1.8/gems/rails-2.3.8/lib/rails/rack/log_tailer.rb:17:in `call'
C:/Ruby187/lib/ruby/gems/1.8/gems/rack-1.1.0/lib/rack/content_length.rb:13:in `call'
C:/Ruby187/lib/ruby/gems/1.8/gems/rack-1.1.0/lib/rack/handler/webrick.rb:48:in `service'
C:/Ruby187/lib/ruby/1.8/webrick/httpserver.rb:104:in `service'
C:/Ruby187/lib/ruby/1.8/webrick/httpserver.rb:65:in `run'
C:/Ruby187/lib/ruby/1.8/webrick/server.rb:173:in `start_thread'
C:/Ruby187/lib/ruby/1.8/webrick/server.rb:162:in `start'
C:/Ruby187/lib/ruby/1.8/webrick/server.rb:162:in `start_thread'
C:/Ruby187/lib/ruby/1.8/webrick/server.rb:95:in `start'
C:/Ruby187/lib/ruby/1.8/webrick/server.rb:92:in `each'
C:/Ruby187/lib/ruby/1.8/webrick/server.rb:92:in `start'
C:/Ruby187/lib/ruby/1.8/webrick/server.rb:23:in `start'
C:/Ruby187/lib/ruby/1.8/webrick/server.rb:82:in `start'
C:/Ruby187/lib/ruby/gems/1.8/gems/rack-1.1.0/lib/rack/handler/webrick.rb:14:in `run'
C:/Ruby187/lib/ruby/gems/1.8/gems/rails-2.3.8/lib/commands/server.rb:111
C:/Ruby187/lib/ruby/site_ruby/1.8/rubygems/custom_require.rb:31:in `gem_original_require'
C:/Ruby187/lib/ruby/site_ruby/1.8/rubygems/custom_require.rb:31:in `require'
script/server:3

ActionView::TemplateError (compile error
C:/Users/Kevin/Documents/CS 160/gardengnome/app/views/gardens/index.html.erb:23: syntax error, unexpected kENSURE, expecting kEND
C:/Users/Kevin/Documents/CS 160/gardengnome/app/views/gardens/index.html.erb:25: syntax error, unexpected $end, expecting kEND) on line #23 of app/views/gardens/index.html.erb:
20: <br />
21: 
22: <%= link_to 'New garden', new_garden_path %>

    app/views/gardens/index.html.erb:25:in `compile!'
    app/controllers/gardens_controller.rb:9:in `index'
    C:/Ruby187/lib/ruby/1.8/webrick/httpserver.rb:104:in `service'
    C:/Ruby187/lib/ruby/1.8/webrick/httpserver.rb:65:in `run'
    C:/Ruby187/lib/ruby/1.8/webrick/server.rb:173:in `start_thread'
    C:/Ruby187/lib/ruby/1.8/webrick/server.rb:162:in `start'
    C:/Ruby187/lib/ruby/1.8/webrick/server.rb:162:in `start_thread'
    C:/Ruby187/lib/ruby/1.8/webrick/server.rb:95:in `start'
    C:/Ruby187/lib/ruby/1.8/webrick/server.rb:92:in `each'
    C:/Ruby187/lib/ruby/1.8/webrick/server.rb:92:in `start'
    C:/Ruby187/lib/ruby/1.8/webrick/server.rb:23:in `start'
    C:/Ruby187/lib/ruby/1.8/webrick/server.rb:82:in `start'

Rendered rescues/_trace (234.0ms)
Rendered rescues/_request_and_response (101.0ms)
Rendering rescues/layout (internal_server_error)


Processing GardensController#index (for 127.0.0.1 at 2011-04-24 01:04:46) [GET]
  [4;35;1mGarden Load (2.0ms)[0m   [0mSELECT * FROM "gardens" [0m
Rendering template within layouts/scaffold
Rendering gardens/index
ERROR: compiling _run_erb_app47views47gardens47index46html46erb RAISED compile error
C:/Users/Kevin/Documents/CS 160/gardengnome/app/views/gardens/index.html.erb:21: syntax error, unexpected kENSURE, expecting kEND
C:/Users/Kevin/Documents/CS 160/gardengnome/app/views/gardens/index.html.erb:23: syntax error, unexpected $end, expecting kEND
Function body:           def _run_erb_app47views47gardens47index46html46erb(local_assigns)
            old_output_buffer = output_buffer;;@output_buffer = '';  __in_erb_template=true ; @output_buffer.concat "<div style=\"text-align: center\">\n"
; @output_buffer.concat(( image_tag "/images/logo.png", :alt => "GardenGnome" ).to_s); @output_buffer.concat "\n</div>\n<table>\n  <tr>\n  </tr>\n\n"





;  @gardens.each do |garden| ; @output_buffer.concat "\n  "
;  if garden.public ; @output_buffer.concat "\n    <tr>\n      <td>"

; @output_buffer.concat(( link_to 'Show', garden ).to_s); @output_buffer.concat "</td>\n      <!--td>"
; @output_buffer.concat(( link_to 'Edit', edit_garden_path(garden) ).to_s); @output_buffer.concat "</td-->\n      <!--td>"
; @output_buffer.concat(( link_to 'Destroy', garden, :confirm => 'Are you sure?', :method => :delete ).to_s); @output_buffer.concat "</td-->\n    </tr>\n  "

;  end ; @output_buffer.concat "\n</table>\n\n<br />\n\n"




; @output_buffer.concat(( link_to 'New garden', new_garden_path ).to_s); @output_buffer
          ensure
            self.output_buffer = old_output_buffer
          end
Backtrace: C:/Users/Kevin/Documents/CS 160/gardengnome/app/views/gardens/index.html.erb:23:in `compile!'
C:/Ruby187/lib/ruby/gems/1.8/gems/actionpack-2.3.8/lib/action_view/renderable.rb:61:in `compile'
C:/Ruby187/lib/ruby/gems/1.8/gems/actionpack-2.3.8/lib/action_view/renderable.rb:28:in `render'
C:/Ruby187/lib/ruby/gems/1.8/gems/actionpack-2.3.8/lib/action_view/template.rb:205:in `render_template'
C:/Ruby187/lib/ruby/gems/1.8/gems/actionpack-2.3.8/lib/action_view/base.rb:265:in `render'
C:/Ruby187/lib/ruby/gems/1.8/gems/actionpack-2.3.8/lib/action_view/base.rb:348:in `_render_with_layout'
C:/Ruby187/lib/ruby/gems/1.8/gems/actionpack-2.3.8/lib/action_view/base.rb:262:in `render'
C:/Ruby187/lib/ruby/gems/1.8/gems/actionpack-2.3.8/lib/action_controller/base.rb:1250:in `render_for_file'
C:/Ruby187/lib/ruby/gems/1.8/gems/actionpack-2.3.8/lib/action_controller/base.rb:942:in `render_without_benchmark'
C:/Ruby187/lib/ruby/gems/1.8/gems/actionpack-2.3.8/lib/action_controller/benchmarking.rb:51:in `render'
C:/Ruby187/lib/ruby/gems/1.8/gems/activesupport-2.3.8/lib/active_support/core_ext/benchmark.rb:17:in `ms'
C:/Ruby187/lib/ruby/1.8/benchmark.rb:308:in `realtime'
C:/Ruby187/lib/ruby/gems/1.8/gems/activesupport-2.3.8/lib/active_support/core_ext/benchmark.rb:17:in `ms'
C:/Ruby187/lib/ruby/gems/1.8/gems/actionpack-2.3.8/lib/action_controller/benchmarking.rb:51:in `render'
C:/Ruby187/lib/ruby/gems/1.8/gems/actionpack-2.3.8/lib/action_controller/mime_responds.rb:135:in `send'
C:/Ruby187/lib/ruby/gems/1.8/gems/actionpack-2.3.8/lib/action_controller/mime_responds.rb:135:in `custom'
C:/Ruby187/lib/ruby/gems/1.8/gems/actionpack-2.3.8/lib/action_controller/mime_responds.rb:179:in `call'
C:/Ruby187/lib/ruby/gems/1.8/gems/actionpack-2.3.8/lib/action_controller/mime_responds.rb:179:in `respond'
C:/Ruby187/lib/ruby/gems/1.8/gems/actionpack-2.3.8/lib/action_controller/mime_responds.rb:173:in `each'
C:/Ruby187/lib/ruby/gems/1.8/gems/actionpack-2.3.8/lib/action_controller/mime_responds.rb:173:in `respond'
C:/Ruby187/lib/ruby/gems/1.8/gems/actionpack-2.3.8/lib/action_controller/mime_responds.rb:107:in `respond_to'
C:/Users/Kevin/Documents/CS 160/gardengnome/app/controllers/gardens_controller.rb:9:in `index'
C:/Ruby187/lib/ruby/gems/1.8/gems/actionpack-2.3.8/lib/action_controller/base.rb:1331:in `send'
C:/Ruby187/lib/ruby/gems/1.8/gems/actionpack-2.3.8/lib/action_controller/base.rb:1331:in `perform_action_without_filters'
C:/Ruby187/lib/ruby/gems/1.8/gems/actionpack-2.3.8/lib/action_controller/filters.rb:617:in `call_filters'
C:/Ruby187/lib/ruby/gems/1.8/gems/actionpack-2.3.8/lib/action_controller/filters.rb:610:in `perform_action_without_benchmark'
C:/Ruby187/lib/ruby/gems/1.8/gems/actionpack-2.3.8/lib/action_controller/benchmarking.rb:68:in `perform_action_without_rescue'
C:/Ruby187/lib/ruby/gems/1.8/gems/activesupport-2.3.8/lib/active_support/core_ext/benchmark.rb:17:in `ms'
C:/Ruby187/lib/ruby/1.8/benchmark.rb:308:in `realtime'
C:/Ruby187/lib/ruby/gems/1.8/gems/activesupport-2.3.8/lib/active_support/core_ext/benchmark.rb:17:in `ms'
C:/Ruby187/lib/ruby/gems/1.8/gems/actionpack-2.3.8/lib/action_controller/benchmarking.rb:68:in `perform_action_without_rescue'
C:/Ruby187/lib/ruby/gems/1.8/gems/actionpack-2.3.8/lib/action_controller/rescue.rb:160:in `perform_action_without_flash'
C:/Ruby187/lib/ruby/gems/1.8/gems/actionpack-2.3.8/lib/action_controller/flash.rb:151:in `perform_action'
C:/Ruby187/lib/ruby/gems/1.8/gems/actionpack-2.3.8/lib/action_controller/base.rb:532:in `send'
C:/Ruby187/lib/ruby/gems/1.8/gems/actionpack-2.3.8/lib/action_controller/base.rb:532:in `process_without_filters'
C:/Ruby187/lib/ruby/gems/1.8/gems/actionpack-2.3.8/lib/action_controller/filters.rb:606:in `process'
C:/Ruby187/lib/ruby/gems/1.8/gems/actionpack-2.3.8/lib/action_controller/base.rb:391:in `process'
C:/Ruby187/lib/ruby/gems/1.8/gems/actionpack-2.3.8/lib/action_controller/base.rb:386:in `call'
C:/Ruby187/lib/ruby/gems/1.8/gems/actionpack-2.3.8/lib/action_controller/routing/route_set.rb:438:in `call'
C:/Ruby187/lib/ruby/gems/1.8/gems/actionpack-2.3.8/lib/action_controller/dispatcher.rb:87:in `dispatch'
C:/Ruby187/lib/ruby/gems/1.8/gems/actionpack-2.3.8/lib/action_controller/dispatcher.rb:121:in `_call'
C:/Ruby187/lib/ruby/gems/1.8/gems/actionpack-2.3.8/lib/action_controller/dispatcher.rb:130:in `build_middleware_stack'
C:/Ruby187/lib/ruby/gems/1.8/gems/activerecord-2.3.8/lib/active_record/query_cache.rb:29:in `call'
C:/Ruby187/lib/ruby/gems/1.8/gems/activerecord-2.3.8/lib/active_record/query_cache.rb:29:in `call'
C:/Ruby187/lib/ruby/gems/1.8/gems/activerecord-2.3.8/lib/active_record/connection_adapters/abstract/query_cache.rb:34:in `cache'
C:/Ruby187/lib/ruby/gems/1.8/gems/activerecord-2.3.8/lib/active_record/query_cache.rb:9:in `cache'
C:/Ruby187/lib/ruby/gems/1.8/gems/activerecord-2.3.8/lib/active_record/query_cache.rb:28:in `call'
C:/Ruby187/lib/ruby/gems/1.8/gems/activerecord-2.3.8/lib/active_record/connection_adapters/abstract/connection_pool.rb:361:in `call'
C:/Ruby187/lib/ruby/gems/1.8/gems/actionpack-2.3.8/lib/action_controller/string_coercion.rb:25:in `call'
C:/Ruby187/lib/ruby/gems/1.8/gems/rack-1.1.0/lib/rack/head.rb:9:in `call'
C:/Ruby187/lib/ruby/gems/1.8/gems/rack-1.1.0/lib/rack/methodoverride.rb:24:in `call'
C:/Ruby187/lib/ruby/gems/1.8/gems/actionpack-2.3.8/lib/action_controller/params_parser.rb:15:in `call'
C:/Ruby187/lib/ruby/gems/1.8/gems/actionpack-2.3.8/lib/action_controller/session/cookie_store.rb:99:in `call'
C:/Ruby187/lib/ruby/gems/1.8/gems/actionpack-2.3.8/lib/action_controller/failsafe.rb:26:in `call'
C:/Ruby187/lib/ruby/gems/1.8/gems/rack-1.1.0/lib/rack/lock.rb:11:in `call'
C:/Ruby187/lib/ruby/gems/1.8/gems/rack-1.1.0/lib/rack/lock.rb:11:in `synchronize'
C:/Ruby187/lib/ruby/gems/1.8/gems/rack-1.1.0/lib/rack/lock.rb:11:in `call'
C:/Ruby187/lib/ruby/gems/1.8/gems/actionpack-2.3.8/lib/action_controller/dispatcher.rb:114:in `call'
C:/Ruby187/lib/ruby/gems/1.8/gems/actionpack-2.3.8/lib/action_controller/reloader.rb:34:in `run'
C:/Ruby187/lib/ruby/gems/1.8/gems/actionpack-2.3.8/lib/action_controller/dispatcher.rb:108:in `call'
C:/Ruby187/lib/ruby/gems/1.8/gems/rails-2.3.8/lib/rails/rack/static.rb:31:in `call'
C:/Ruby187/lib/ruby/gems/1.8/gems/rack-1.1.0/lib/rack/urlmap.rb:47:in `call'
C:/Ruby187/lib/ruby/gems/1.8/gems/rack-1.1.0/lib/rack/urlmap.rb:41:in `each'
C:/Ruby187/lib/ruby/gems/1.8/gems/rack-1.1.0/lib/rack/urlmap.rb:41:in `call'
C:/Ruby187/lib/ruby/gems/1.8/gems/rails-2.3.8/lib/rails/rack/log_tailer.rb:17:in `call'
C:/Ruby187/lib/ruby/gems/1.8/gems/rack-1.1.0/lib/rack/content_length.rb:13:in `call'
C:/Ruby187/lib/ruby/gems/1.8/gems/rack-1.1.0/lib/rack/handler/webrick.rb:48:in `service'
C:/Ruby187/lib/ruby/1.8/webrick/httpserver.rb:104:in `service'
C:/Ruby187/lib/ruby/1.8/webrick/httpserver.rb:65:in `run'
C:/Ruby187/lib/ruby/1.8/webrick/server.rb:173:in `start_thread'
C:/Ruby187/lib/ruby/1.8/webrick/server.rb:162:in `start'
C:/Ruby187/lib/ruby/1.8/webrick/server.rb:162:in `start_thread'
C:/Ruby187/lib/ruby/1.8/webrick/server.rb:95:in `start'
C:/Ruby187/lib/ruby/1.8/webrick/server.rb:92:in `each'
C:/Ruby187/lib/ruby/1.8/webrick/server.rb:92:in `start'
C:/Ruby187/lib/ruby/1.8/webrick/server.rb:23:in `start'
C:/Ruby187/lib/ruby/1.8/webrick/server.rb:82:in `start'
C:/Ruby187/lib/ruby/gems/1.8/gems/rack-1.1.0/lib/rack/handler/webrick.rb:14:in `run'
C:/Ruby187/lib/ruby/gems/1.8/gems/rails-2.3.8/lib/commands/server.rb:111
C:/Ruby187/lib/ruby/site_ruby/1.8/rubygems/custom_require.rb:31:in `gem_original_require'
C:/Ruby187/lib/ruby/site_ruby/1.8/rubygems/custom_require.rb:31:in `require'
script/server:3

ActionView::TemplateError (compile error
C:/Users/Kevin/Documents/CS 160/gardengnome/app/views/gardens/index.html.erb:21: syntax error, unexpected kENSURE, expecting kEND
C:/Users/Kevin/Documents/CS 160/gardengnome/app/views/gardens/index.html.erb:23: syntax error, unexpected $end, expecting kEND) on line #21 of app/views/gardens/index.html.erb:
18: <br />
19: 
20: <%= link_to 'New garden', new_garden_path %>

    app/views/gardens/index.html.erb:23:in `compile!'
    app/controllers/gardens_controller.rb:9:in `index'
    C:/Ruby187/lib/ruby/1.8/webrick/httpserver.rb:104:in `service'
    C:/Ruby187/lib/ruby/1.8/webrick/httpserver.rb:65:in `run'
    C:/Ruby187/lib/ruby/1.8/webrick/server.rb:173:in `start_thread'
    C:/Ruby187/lib/ruby/1.8/webrick/server.rb:162:in `start'
    C:/Ruby187/lib/ruby/1.8/webrick/server.rb:162:in `start_thread'
    C:/Ruby187/lib/ruby/1.8/webrick/server.rb:95:in `start'
    C:/Ruby187/lib/ruby/1.8/webrick/server.rb:92:in `each'
    C:/Ruby187/lib/ruby/1.8/webrick/server.rb:92:in `start'
    C:/Ruby187/lib/ruby/1.8/webrick/server.rb:23:in `start'
    C:/Ruby187/lib/ruby/1.8/webrick/server.rb:82:in `start'

Rendered rescues/_trace (171.0ms)
Rendered rescues/_request_and_response (1.0ms)
Rendering rescues/layout (internal_server_error)


Processing GardensController#index (for 127.0.0.1 at 2011-04-24 01:05:00) [GET]
  [4;36;1mGarden Load (2.0ms)[0m   [0;1mSELECT * FROM "gardens" [0m
Rendering template within layouts/scaffold
Rendering gardens/index
ERROR: compiling _run_erb_app47views47gardens47index46html46erb RAISED compile error
C:/Users/Kevin/Documents/CS 160/gardengnome/app/views/gardens/index.html.erb:23: syntax error, unexpected kENSURE, expecting kEND
C:/Users/Kevin/Documents/CS 160/gardengnome/app/views/gardens/index.html.erb:25: syntax error, unexpected $end, expecting kEND
Function body:           def _run_erb_app47views47gardens47index46html46erb(local_assigns)
            old_output_buffer = output_buffer;;@output_buffer = '';  __in_erb_template=true ; @output_buffer.concat "<div style=\"text-align: center\">\n"
; @output_buffer.concat(( image_tag "/images/logo.png", :alt => "GardenGnome" ).to_s); @output_buffer.concat "\n</div>\n<table>\n  <tr>\n  </tr>\n\n"





;  @gardens.each do |garden| ; @output_buffer.concat "\n  "
;  if garden.public do ; @output_buffer.concat "\n    <tr>\n      <td>"

; @output_buffer.concat((h garden.name ).to_s); @output_buffer.concat "</td>\n      <td>"
; @output_buffer.concat((h garden.city ).to_s); @output_buffer.concat ", "; @output_buffer.concat((h garden.state ).to_s); @output_buffer.concat "</td>\n      <td>"
; @output_buffer.concat(( link_to 'Show', garden ).to_s); @output_buffer.concat "</td>\n      <!--td>"
; @output_buffer.concat(( link_to 'Edit', edit_garden_path(garden) ).to_s); @output_buffer.concat "</td-->\n      <!--td>"
; @output_buffer.concat(( link_to 'Destroy', garden, :confirm => 'Are you sure?', :method => :delete ).to_s); @output_buffer.concat "</td-->\n    </tr>\n  "

;  end ; @output_buffer.concat "\n</table>\n\n<br />\n\n"




; @output_buffer.concat(( link_to 'New garden', new_garden_path ).to_s); @output_buffer
          ensure
            self.output_buffer = old_output_buffer
          end
Backtrace: C:/Users/Kevin/Documents/CS 160/gardengnome/app/views/gardens/index.html.erb:25:in `compile!'
C:/Ruby187/lib/ruby/gems/1.8/gems/actionpack-2.3.8/lib/action_view/renderable.rb:61:in `compile'
C:/Ruby187/lib/ruby/gems/1.8/gems/actionpack-2.3.8/lib/action_view/renderable.rb:28:in `render'
C:/Ruby187/lib/ruby/gems/1.8/gems/actionpack-2.3.8/lib/action_view/template.rb:205:in `render_template'
C:/Ruby187/lib/ruby/gems/1.8/gems/actionpack-2.3.8/lib/action_view/base.rb:265:in `render'
C:/Ruby187/lib/ruby/gems/1.8/gems/actionpack-2.3.8/lib/action_view/base.rb:348:in `_render_with_layout'
C:/Ruby187/lib/ruby/gems/1.8/gems/actionpack-2.3.8/lib/action_view/base.rb:262:in `render'
C:/Ruby187/lib/ruby/gems/1.8/gems/actionpack-2.3.8/lib/action_controller/base.rb:1250:in `render_for_file'
C:/Ruby187/lib/ruby/gems/1.8/gems/actionpack-2.3.8/lib/action_controller/base.rb:942:in `render_without_benchmark'
C:/Ruby187/lib/ruby/gems/1.8/gems/actionpack-2.3.8/lib/action_controller/benchmarking.rb:51:in `render'
C:/Ruby187/lib/ruby/gems/1.8/gems/activesupport-2.3.8/lib/active_support/core_ext/benchmark.rb:17:in `ms'
C:/Ruby187/lib/ruby/1.8/benchmark.rb:308:in `realtime'
C:/Ruby187/lib/ruby/gems/1.8/gems/activesupport-2.3.8/lib/active_support/core_ext/benchmark.rb:17:in `ms'
C:/Ruby187/lib/ruby/gems/1.8/gems/actionpack-2.3.8/lib/action_controller/benchmarking.rb:51:in `render'
C:/Ruby187/lib/ruby/gems/1.8/gems/actionpack-2.3.8/lib/action_controller/mime_responds.rb:135:in `send'
C:/Ruby187/lib/ruby/gems/1.8/gems/actionpack-2.3.8/lib/action_controller/mime_responds.rb:135:in `custom'
C:/Ruby187/lib/ruby/gems/1.8/gems/actionpack-2.3.8/lib/action_controller/mime_responds.rb:179:in `call'
C:/Ruby187/lib/ruby/gems/1.8/gems/actionpack-2.3.8/lib/action_controller/mime_responds.rb:179:in `respond'
C:/Ruby187/lib/ruby/gems/1.8/gems/actionpack-2.3.8/lib/action_controller/mime_responds.rb:173:in `each'
C:/Ruby187/lib/ruby/gems/1.8/gems/actionpack-2.3.8/lib/action_controller/mime_responds.rb:173:in `respond'
C:/Ruby187/lib/ruby/gems/1.8/gems/actionpack-2.3.8/lib/action_controller/mime_responds.rb:107:in `respond_to'
C:/Users/Kevin/Documents/CS 160/gardengnome/app/controllers/gardens_controller.rb:9:in `index'
C:/Ruby187/lib/ruby/gems/1.8/gems/actionpack-2.3.8/lib/action_controller/base.rb:1331:in `send'
C:/Ruby187/lib/ruby/gems/1.8/gems/actionpack-2.3.8/lib/action_controller/base.rb:1331:in `perform_action_without_filters'
C:/Ruby187/lib/ruby/gems/1.8/gems/actionpack-2.3.8/lib/action_controller/filters.rb:617:in `call_filters'
C:/Ruby187/lib/ruby/gems/1.8/gems/actionpack-2.3.8/lib/action_controller/filters.rb:610:in `perform_action_without_benchmark'
C:/Ruby187/lib/ruby/gems/1.8/gems/actionpack-2.3.8/lib/action_controller/benchmarking.rb:68:in `perform_action_without_rescue'
C:/Ruby187/lib/ruby/gems/1.8/gems/activesupport-2.3.8/lib/active_support/core_ext/benchmark.rb:17:in `ms'
C:/Ruby187/lib/ruby/1.8/benchmark.rb:308:in `realtime'
C:/Ruby187/lib/ruby/gems/1.8/gems/activesupport-2.3.8/lib/active_support/core_ext/benchmark.rb:17:in `ms'
C:/Ruby187/lib/ruby/gems/1.8/gems/actionpack-2.3.8/lib/action_controller/benchmarking.rb:68:in `perform_action_without_rescue'
C:/Ruby187/lib/ruby/gems/1.8/gems/actionpack-2.3.8/lib/action_controller/rescue.rb:160:in `perform_action_without_flash'
C:/Ruby187/lib/ruby/gems/1.8/gems/actionpack-2.3.8/lib/action_controller/flash.rb:151:in `perform_action'
C:/Ruby187/lib/ruby/gems/1.8/gems/actionpack-2.3.8/lib/action_controller/base.rb:532:in `send'
C:/Ruby187/lib/ruby/gems/1.8/gems/actionpack-2.3.8/lib/action_controller/base.rb:532:in `process_without_filters'
C:/Ruby187/lib/ruby/gems/1.8/gems/actionpack-2.3.8/lib/action_controller/filters.rb:606:in `process'
C:/Ruby187/lib/ruby/gems/1.8/gems/actionpack-2.3.8/lib/action_controller/base.rb:391:in `process'
C:/Ruby187/lib/ruby/gems/1.8/gems/actionpack-2.3.8/lib/action_controller/base.rb:386:in `call'
C:/Ruby187/lib/ruby/gems/1.8/gems/actionpack-2.3.8/lib/action_controller/routing/route_set.rb:438:in `call'
C:/Ruby187/lib/ruby/gems/1.8/gems/actionpack-2.3.8/lib/action_controller/dispatcher.rb:87:in `dispatch'
C:/Ruby187/lib/ruby/gems/1.8/gems/actionpack-2.3.8/lib/action_controller/dispatcher.rb:121:in `_call'
C:/Ruby187/lib/ruby/gems/1.8/gems/actionpack-2.3.8/lib/action_controller/dispatcher.rb:130:in `build_middleware_stack'
C:/Ruby187/lib/ruby/gems/1.8/gems/activerecord-2.3.8/lib/active_record/query_cache.rb:29:in `call'
C:/Ruby187/lib/ruby/gems/1.8/gems/activerecord-2.3.8/lib/active_record/query_cache.rb:29:in `call'
C:/Ruby187/lib/ruby/gems/1.8/gems/activerecord-2.3.8/lib/active_record/connection_adapters/abstract/query_cache.rb:34:in `cache'
C:/Ruby187/lib/ruby/gems/1.8/gems/activerecord-2.3.8/lib/active_record/query_cache.rb:9:in `cache'
C:/Ruby187/lib/ruby/gems/1.8/gems/activerecord-2.3.8/lib/active_record/query_cache.rb:28:in `call'
C:/Ruby187/lib/ruby/gems/1.8/gems/activerecord-2.3.8/lib/active_record/connection_adapters/abstract/connection_pool.rb:361:in `call'
C:/Ruby187/lib/ruby/gems/1.8/gems/actionpack-2.3.8/lib/action_controller/string_coercion.rb:25:in `call'
C:/Ruby187/lib/ruby/gems/1.8/gems/rack-1.1.0/lib/rack/head.rb:9:in `call'
C:/Ruby187/lib/ruby/gems/1.8/gems/rack-1.1.0/lib/rack/methodoverride.rb:24:in `call'
C:/Ruby187/lib/ruby/gems/1.8/gems/actionpack-2.3.8/lib/action_controller/params_parser.rb:15:in `call'
C:/Ruby187/lib/ruby/gems/1.8/gems/actionpack-2.3.8/lib/action_controller/session/cookie_store.rb:99:in `call'
C:/Ruby187/lib/ruby/gems/1.8/gems/actionpack-2.3.8/lib/action_controller/failsafe.rb:26:in `call'
C:/Ruby187/lib/ruby/gems/1.8/gems/rack-1.1.0/lib/rack/lock.rb:11:in `call'
C:/Ruby187/lib/ruby/gems/1.8/gems/rack-1.1.0/lib/rack/lock.rb:11:in `synchronize'
C:/Ruby187/lib/ruby/gems/1.8/gems/rack-1.1.0/lib/rack/lock.rb:11:in `call'
C:/Ruby187/lib/ruby/gems/1.8/gems/actionpack-2.3.8/lib/action_controller/dispatcher.rb:114:in `call'
C:/Ruby187/lib/ruby/gems/1.8/gems/actionpack-2.3.8/lib/action_controller/reloader.rb:34:in `run'
C:/Ruby187/lib/ruby/gems/1.8/gems/actionpack-2.3.8/lib/action_controller/dispatcher.rb:108:in `call'
C:/Ruby187/lib/ruby/gems/1.8/gems/rails-2.3.8/lib/rails/rack/static.rb:31:in `call'
C:/Ruby187/lib/ruby/gems/1.8/gems/rack-1.1.0/lib/rack/urlmap.rb:47:in `call'
C:/Ruby187/lib/ruby/gems/1.8/gems/rack-1.1.0/lib/rack/urlmap.rb:41:in `each'
C:/Ruby187/lib/ruby/gems/1.8/gems/rack-1.1.0/lib/rack/urlmap.rb:41:in `call'
C:/Ruby187/lib/ruby/gems/1.8/gems/rails-2.3.8/lib/rails/rack/log_tailer.rb:17:in `call'
C:/Ruby187/lib/ruby/gems/1.8/gems/rack-1.1.0/lib/rack/content_length.rb:13:in `call'
C:/Ruby187/lib/ruby/gems/1.8/gems/rack-1.1.0/lib/rack/handler/webrick.rb:48:in `service'
C:/Ruby187/lib/ruby/1.8/webrick/httpserver.rb:104:in `service'
C:/Ruby187/lib/ruby/1.8/webrick/httpserver.rb:65:in `run'
C:/Ruby187/lib/ruby/1.8/webrick/server.rb:173:in `start_thread'
C:/Ruby187/lib/ruby/1.8/webrick/server.rb:162:in `start'
C:/Ruby187/lib/ruby/1.8/webrick/server.rb:162:in `start_thread'
C:/Ruby187/lib/ruby/1.8/webrick/server.rb:95:in `start'
C:/Ruby187/lib/ruby/1.8/webrick/server.rb:92:in `each'
C:/Ruby187/lib/ruby/1.8/webrick/server.rb:92:in `start'
C:/Ruby187/lib/ruby/1.8/webrick/server.rb:23:in `start'
C:/Ruby187/lib/ruby/1.8/webrick/server.rb:82:in `start'
C:/Ruby187/lib/ruby/gems/1.8/gems/rack-1.1.0/lib/rack/handler/webrick.rb:14:in `run'
C:/Ruby187/lib/ruby/gems/1.8/gems/rails-2.3.8/lib/commands/server.rb:111
C:/Ruby187/lib/ruby/site_ruby/1.8/rubygems/custom_require.rb:31:in `gem_original_require'
C:/Ruby187/lib/ruby/site_ruby/1.8/rubygems/custom_require.rb:31:in `require'
script/server:3

ActionView::TemplateError (compile error
C:/Users/Kevin/Documents/CS 160/gardengnome/app/views/gardens/index.html.erb:23: syntax error, unexpected kENSURE, expecting kEND
C:/Users/Kevin/Documents/CS 160/gardengnome/app/views/gardens/index.html.erb:25: syntax error, unexpected $end, expecting kEND) on line #23 of app/views/gardens/index.html.erb:
20: <br />
21: 
22: <%= link_to 'New garden', new_garden_path %>

    app/views/gardens/index.html.erb:25:in `compile!'
    app/controllers/gardens_controller.rb:9:in `index'
    C:/Ruby187/lib/ruby/1.8/webrick/httpserver.rb:104:in `service'
    C:/Ruby187/lib/ruby/1.8/webrick/httpserver.rb:65:in `run'
    C:/Ruby187/lib/ruby/1.8/webrick/server.rb:173:in `start_thread'
    C:/Ruby187/lib/ruby/1.8/webrick/server.rb:162:in `start'
    C:/Ruby187/lib/ruby/1.8/webrick/server.rb:162:in `start_thread'
    C:/Ruby187/lib/ruby/1.8/webrick/server.rb:95:in `start'
    C:/Ruby187/lib/ruby/1.8/webrick/server.rb:92:in `each'
    C:/Ruby187/lib/ruby/1.8/webrick/server.rb:92:in `start'
    C:/Ruby187/lib/ruby/1.8/webrick/server.rb:23:in `start'
    C:/Ruby187/lib/ruby/1.8/webrick/server.rb:82:in `start'

Rendered rescues/_trace (335.0ms)
Rendered rescues/_request_and_response (1.0ms)
Rendering rescues/layout (internal_server_error)


Processing GardensController#index (for 127.0.0.1 at 2011-04-24 01:05:04) [GET]
  [4;35;1mGarden Load (2.0ms)[0m   [0mSELECT * FROM "gardens" [0m
Rendering template within layouts/scaffold
Rendering gardens/index
ERROR: compiling _run_erb_app47views47gardens47index46html46erb RAISED compile error
C:/Users/Kevin/Documents/CS 160/gardengnome/app/views/gardens/index.html.erb:23: syntax error, unexpected kENSURE, expecting kEND
C:/Users/Kevin/Documents/CS 160/gardengnome/app/views/gardens/index.html.erb:25: syntax error, unexpected $end, expecting kEND
Function body:           def _run_erb_app47views47gardens47index46html46erb(local_assigns)
            old_output_buffer = output_buffer;;@output_buffer = '';  __in_erb_template=true ; @output_buffer.concat "<div style=\"text-align: center\">\n"
; @output_buffer.concat(( image_tag "/images/logo.png", :alt => "GardenGnome" ).to_s); @output_buffer.concat "\n</div>\n<table>\n  <tr>\n  </tr>\n\n"





;  @gardens.each do |garden| ; @output_buffer.concat "\n  "
;  if garden.public do ; @output_buffer.concat "\n    <tr>\n      <td>"

; @output_buffer.concat((h garden.name ).to_s); @output_buffer.concat "</td>\n      <td>"
; @output_buffer.concat((h garden.city ).to_s); @output_buffer.concat ", "; @output_buffer.concat((h garden.state ).to_s); @output_buffer.concat "</td>\n      <td>"
; @output_buffer.concat(( link_to 'Show', garden ).to_s); @output_buffer.concat "</td>\n      <!--td>"
; @output_buffer.concat(( link_to 'Edit', edit_garden_path(garden) ).to_s); @output_buffer.concat "</td-->\n      <!--td>"
; @output_buffer.concat(( link_to 'Destroy', garden, :confirm => 'Are you sure?', :method => :delete ).to_s); @output_buffer.concat "</td-->\n    </tr>\n  "

;  end ; @output_buffer.concat "\n</table>\n\n<br />\n\n"




; @output_buffer.concat(( link_to 'New garden', new_garden_path ).to_s); @output_buffer
          ensure
            self.output_buffer = old_output_buffer
          end
Backtrace: C:/Users/Kevin/Documents/CS 160/gardengnome/app/views/gardens/index.html.erb:25:in `compile!'
C:/Ruby187/lib/ruby/gems/1.8/gems/actionpack-2.3.8/lib/action_view/renderable.rb:61:in `compile'
C:/Ruby187/lib/ruby/gems/1.8/gems/actionpack-2.3.8/lib/action_view/renderable.rb:28:in `render'
C:/Ruby187/lib/ruby/gems/1.8/gems/actionpack-2.3.8/lib/action_view/template.rb:205:in `render_template'
C:/Ruby187/lib/ruby/gems/1.8/gems/actionpack-2.3.8/lib/action_view/base.rb:265:in `render'
C:/Ruby187/lib/ruby/gems/1.8/gems/actionpack-2.3.8/lib/action_view/base.rb:348:in `_render_with_layout'
C:/Ruby187/lib/ruby/gems/1.8/gems/actionpack-2.3.8/lib/action_view/base.rb:262:in `render'
C:/Ruby187/lib/ruby/gems/1.8/gems/actionpack-2.3.8/lib/action_controller/base.rb:1250:in `render_for_file'
C:/Ruby187/lib/ruby/gems/1.8/gems/actionpack-2.3.8/lib/action_controller/base.rb:942:in `render_without_benchmark'
C:/Ruby187/lib/ruby/gems/1.8/gems/actionpack-2.3.8/lib/action_controller/benchmarking.rb:51:in `render'
C:/Ruby187/lib/ruby/gems/1.8/gems/activesupport-2.3.8/lib/active_support/core_ext/benchmark.rb:17:in `ms'
C:/Ruby187/lib/ruby/1.8/benchmark.rb:308:in `realtime'
C:/Ruby187/lib/ruby/gems/1.8/gems/activesupport-2.3.8/lib/active_support/core_ext/benchmark.rb:17:in `ms'
C:/Ruby187/lib/ruby/gems/1.8/gems/actionpack-2.3.8/lib/action_controller/benchmarking.rb:51:in `render'
C:/Ruby187/lib/ruby/gems/1.8/gems/actionpack-2.3.8/lib/action_controller/mime_responds.rb:135:in `send'
C:/Ruby187/lib/ruby/gems/1.8/gems/actionpack-2.3.8/lib/action_controller/mime_responds.rb:135:in `custom'
C:/Ruby187/lib/ruby/gems/1.8/gems/actionpack-2.3.8/lib/action_controller/mime_responds.rb:179:in `call'
C:/Ruby187/lib/ruby/gems/1.8/gems/actionpack-2.3.8/lib/action_controller/mime_responds.rb:179:in `respond'
C:/Ruby187/lib/ruby/gems/1.8/gems/actionpack-2.3.8/lib/action_controller/mime_responds.rb:173:in `each'
C:/Ruby187/lib/ruby/gems/1.8/gems/actionpack-2.3.8/lib/action_controller/mime_responds.rb:173:in `respond'
C:/Ruby187/lib/ruby/gems/1.8/gems/actionpack-2.3.8/lib/action_controller/mime_responds.rb:107:in `respond_to'
C:/Users/Kevin/Documents/CS 160/gardengnome/app/controllers/gardens_controller.rb:9:in `index'
C:/Ruby187/lib/ruby/gems/1.8/gems/actionpack-2.3.8/lib/action_controller/base.rb:1331:in `send'
C:/Ruby187/lib/ruby/gems/1.8/gems/actionpack-2.3.8/lib/action_controller/base.rb:1331:in `perform_action_without_filters'
C:/Ruby187/lib/ruby/gems/1.8/gems/actionpack-2.3.8/lib/action_controller/filters.rb:617:in `call_filters'
C:/Ruby187/lib/ruby/gems/1.8/gems/actionpack-2.3.8/lib/action_controller/filters.rb:610:in `perform_action_without_benchmark'
C:/Ruby187/lib/ruby/gems/1.8/gems/actionpack-2.3.8/lib/action_controller/benchmarking.rb:68:in `perform_action_without_rescue'
C:/Ruby187/lib/ruby/gems/1.8/gems/activesupport-2.3.8/lib/active_support/core_ext/benchmark.rb:17:in `ms'
C:/Ruby187/lib/ruby/1.8/benchmark.rb:308:in `realtime'
C:/Ruby187/lib/ruby/gems/1.8/gems/activesupport-2.3.8/lib/active_support/core_ext/benchmark.rb:17:in `ms'
C:/Ruby187/lib/ruby/gems/1.8/gems/actionpack-2.3.8/lib/action_controller/benchmarking.rb:68:in `perform_action_without_rescue'
C:/Ruby187/lib/ruby/gems/1.8/gems/actionpack-2.3.8/lib/action_controller/rescue.rb:160:in `perform_action_without_flash'
C:/Ruby187/lib/ruby/gems/1.8/gems/actionpack-2.3.8/lib/action_controller/flash.rb:151:in `perform_action'
C:/Ruby187/lib/ruby/gems/1.8/gems/actionpack-2.3.8/lib/action_controller/base.rb:532:in `send'
C:/Ruby187/lib/ruby/gems/1.8/gems/actionpack-2.3.8/lib/action_controller/base.rb:532:in `process_without_filters'
C:/Ruby187/lib/ruby/gems/1.8/gems/actionpack-2.3.8/lib/action_controller/filters.rb:606:in `process'
C:/Ruby187/lib/ruby/gems/1.8/gems/actionpack-2.3.8/lib/action_controller/base.rb:391:in `process'
C:/Ruby187/lib/ruby/gems/1.8/gems/actionpack-2.3.8/lib/action_controller/base.rb:386:in `call'
C:/Ruby187/lib/ruby/gems/1.8/gems/actionpack-2.3.8/lib/action_controller/routing/route_set.rb:438:in `call'
C:/Ruby187/lib/ruby/gems/1.8/gems/actionpack-2.3.8/lib/action_controller/dispatcher.rb:87:in `dispatch'
C:/Ruby187/lib/ruby/gems/1.8/gems/actionpack-2.3.8/lib/action_controller/dispatcher.rb:121:in `_call'
C:/Ruby187/lib/ruby/gems/1.8/gems/actionpack-2.3.8/lib/action_controller/dispatcher.rb:130:in `build_middleware_stack'
C:/Ruby187/lib/ruby/gems/1.8/gems/activerecord-2.3.8/lib/active_record/query_cache.rb:29:in `call'
C:/Ruby187/lib/ruby/gems/1.8/gems/activerecord-2.3.8/lib/active_record/query_cache.rb:29:in `call'
C:/Ruby187/lib/ruby/gems/1.8/gems/activerecord-2.3.8/lib/active_record/connection_adapters/abstract/query_cache.rb:34:in `cache'
C:/Ruby187/lib/ruby/gems/1.8/gems/activerecord-2.3.8/lib/active_record/query_cache.rb:9:in `cache'
C:/Ruby187/lib/ruby/gems/1.8/gems/activerecord-2.3.8/lib/active_record/query_cache.rb:28:in `call'
C:/Ruby187/lib/ruby/gems/1.8/gems/activerecord-2.3.8/lib/active_record/connection_adapters/abstract/connection_pool.rb:361:in `call'
C:/Ruby187/lib/ruby/gems/1.8/gems/actionpack-2.3.8/lib/action_controller/string_coercion.rb:25:in `call'
C:/Ruby187/lib/ruby/gems/1.8/gems/rack-1.1.0/lib/rack/head.rb:9:in `call'
C:/Ruby187/lib/ruby/gems/1.8/gems/rack-1.1.0/lib/rack/methodoverride.rb:24:in `call'
C:/Ruby187/lib/ruby/gems/1.8/gems/actionpack-2.3.8/lib/action_controller/params_parser.rb:15:in `call'
C:/Ruby187/lib/ruby/gems/1.8/gems/actionpack-2.3.8/lib/action_controller/session/cookie_store.rb:99:in `call'
C:/Ruby187/lib/ruby/gems/1.8/gems/actionpack-2.3.8/lib/action_controller/failsafe.rb:26:in `call'
C:/Ruby187/lib/ruby/gems/1.8/gems/rack-1.1.0/lib/rack/lock.rb:11:in `call'
C:/Ruby187/lib/ruby/gems/1.8/gems/rack-1.1.0/lib/rack/lock.rb:11:in `synchronize'
C:/Ruby187/lib/ruby/gems/1.8/gems/rack-1.1.0/lib/rack/lock.rb:11:in `call'
C:/Ruby187/lib/ruby/gems/1.8/gems/actionpack-2.3.8/lib/action_controller/dispatcher.rb:114:in `call'
C:/Ruby187/lib/ruby/gems/1.8/gems/actionpack-2.3.8/lib/action_controller/reloader.rb:34:in `run'
C:/Ruby187/lib/ruby/gems/1.8/gems/actionpack-2.3.8/lib/action_controller/dispatcher.rb:108:in `call'
C:/Ruby187/lib/ruby/gems/1.8/gems/rails-2.3.8/lib/rails/rack/static.rb:31:in `call'
C:/Ruby187/lib/ruby/gems/1.8/gems/rack-1.1.0/lib/rack/urlmap.rb:47:in `call'
C:/Ruby187/lib/ruby/gems/1.8/gems/rack-1.1.0/lib/rack/urlmap.rb:41:in `each'
C:/Ruby187/lib/ruby/gems/1.8/gems/rack-1.1.0/lib/rack/urlmap.rb:41:in `call'
C:/Ruby187/lib/ruby/gems/1.8/gems/rails-2.3.8/lib/rails/rack/log_tailer.rb:17:in `call'
C:/Ruby187/lib/ruby/gems/1.8/gems/rack-1.1.0/lib/rack/content_length.rb:13:in `call'
C:/Ruby187/lib/ruby/gems/1.8/gems/rack-1.1.0/lib/rack/handler/webrick.rb:48:in `service'
C:/Ruby187/lib/ruby/1.8/webrick/httpserver.rb:104:in `service'
C:/Ruby187/lib/ruby/1.8/webrick/httpserver.rb:65:in `run'
C:/Ruby187/lib/ruby/1.8/webrick/server.rb:173:in `start_thread'
C:/Ruby187/lib/ruby/1.8/webrick/server.rb:162:in `start'
C:/Ruby187/lib/ruby/1.8/webrick/server.rb:162:in `start_thread'
C:/Ruby187/lib/ruby/1.8/webrick/server.rb:95:in `start'
C:/Ruby187/lib/ruby/1.8/webrick/server.rb:92:in `each'
C:/Ruby187/lib/ruby/1.8/webrick/server.rb:92:in `start'
C:/Ruby187/lib/ruby/1.8/webrick/server.rb:23:in `start'
C:/Ruby187/lib/ruby/1.8/webrick/server.rb:82:in `start'
C:/Ruby187/lib/ruby/gems/1.8/gems/rack-1.1.0/lib/rack/handler/webrick.rb:14:in `run'
C:/Ruby187/lib/ruby/gems/1.8/gems/rails-2.3.8/lib/commands/server.rb:111
C:/Ruby187/lib/ruby/site_ruby/1.8/rubygems/custom_require.rb:31:in `gem_original_require'
C:/Ruby187/lib/ruby/site_ruby/1.8/rubygems/custom_require.rb:31:in `require'
script/server:3

ActionView::TemplateError (compile error
C:/Users/Kevin/Documents/CS 160/gardengnome/app/views/gardens/index.html.erb:23: syntax error, unexpected kENSURE, expecting kEND
C:/Users/Kevin/Documents/CS 160/gardengnome/app/views/gardens/index.html.erb:25: syntax error, unexpected $end, expecting kEND) on line #23 of app/views/gardens/index.html.erb:
20: <br />
21: 
22: <%= link_to 'New garden', new_garden_path %>

    app/views/gardens/index.html.erb:25:in `compile!'
    app/controllers/gardens_controller.rb:9:in `index'
    C:/Ruby187/lib/ruby/1.8/webrick/httpserver.rb:104:in `service'
    C:/Ruby187/lib/ruby/1.8/webrick/httpserver.rb:65:in `run'
    C:/Ruby187/lib/ruby/1.8/webrick/server.rb:173:in `start_thread'
    C:/Ruby187/lib/ruby/1.8/webrick/server.rb:162:in `start'
    C:/Ruby187/lib/ruby/1.8/webrick/server.rb:162:in `start_thread'
    C:/Ruby187/lib/ruby/1.8/webrick/server.rb:95:in `start'
    C:/Ruby187/lib/ruby/1.8/webrick/server.rb:92:in `each'
    C:/Ruby187/lib/ruby/1.8/webrick/server.rb:92:in `start'
    C:/Ruby187/lib/ruby/1.8/webrick/server.rb:23:in `start'
    C:/Ruby187/lib/ruby/1.8/webrick/server.rb:82:in `start'

Rendered rescues/_trace (235.0ms)
Rendered rescues/_request_and_response (0.0ms)
Rendering rescues/layout (internal_server_error)


Processing GardensController#index (for 127.0.0.1 at 2011-04-24 01:05:30) [GET]
  [4;36;1mGarden Load (2.0ms)[0m   [0;1mSELECT * FROM "gardens" [0m
Rendering template within layouts/scaffold
Rendering gardens/index
ERROR: compiling _run_erb_app47views47gardens47index46html46erb RAISED compile error
C:/Users/Kevin/Documents/CS 160/gardengnome/app/views/gardens/index.html.erb:23: syntax error, unexpected kENSURE, expecting kEND
C:/Users/Kevin/Documents/CS 160/gardengnome/app/views/gardens/index.html.erb:25: syntax error, unexpected $end, expecting kEND
Function body:           def _run_erb_app47views47gardens47index46html46erb(local_assigns)
            old_output_buffer = output_buffer;;@output_buffer = '';  __in_erb_template=true ; @output_buffer.concat "<div style=\"text-align: center\">\n"
; @output_buffer.concat(( image_tag "/images/logo.png", :alt => "GardenGnome" ).to_s); @output_buffer.concat "\n</div>\n<table>\n  <tr>\n  </tr>\n\n"





;  @gardens.each do |garden| ; @output_buffer.concat "\n  "
;  if 3 == 2 ; @output_buffer.concat "\n    <tr>\n      <td>"

; @output_buffer.concat((h garden.name ).to_s); @output_buffer.concat "</td>\n      <td>"
; @output_buffer.concat((h garden.city ).to_s); @output_buffer.concat ", "; @output_buffer.concat((h garden.state ).to_s); @output_buffer.concat "</td>\n      <td>"
; @output_buffer.concat(( link_to 'Show', garden ).to_s); @output_buffer.concat "</td>\n      <!--td>"
; @output_buffer.concat(( link_to 'Edit', edit_garden_path(garden) ).to_s); @output_buffer.concat "</td-->\n      <!--td>"
; @output_buffer.concat(( link_to 'Destroy', garden, :confirm => 'Are you sure?', :method => :delete ).to_s); @output_buffer.concat "</td-->\n    </tr>\n  "

;  end ; @output_buffer.concat "\n</table>\n\n<br />\n\n"




; @output_buffer.concat(( link_to 'New garden', new_garden_path ).to_s); @output_buffer
          ensure
            self.output_buffer = old_output_buffer
          end
Backtrace: C:/Users/Kevin/Documents/CS 160/gardengnome/app/views/gardens/index.html.erb:25:in `compile!'
C:/Ruby187/lib/ruby/gems/1.8/gems/actionpack-2.3.8/lib/action_view/renderable.rb:61:in `compile'
C:/Ruby187/lib/ruby/gems/1.8/gems/actionpack-2.3.8/lib/action_view/renderable.rb:28:in `render'
C:/Ruby187/lib/ruby/gems/1.8/gems/actionpack-2.3.8/lib/action_view/template.rb:205:in `render_template'
C:/Ruby187/lib/ruby/gems/1.8/gems/actionpack-2.3.8/lib/action_view/base.rb:265:in `render'
C:/Ruby187/lib/ruby/gems/1.8/gems/actionpack-2.3.8/lib/action_view/base.rb:348:in `_render_with_layout'
C:/Ruby187/lib/ruby/gems/1.8/gems/actionpack-2.3.8/lib/action_view/base.rb:262:in `render'
C:/Ruby187/lib/ruby/gems/1.8/gems/actionpack-2.3.8/lib/action_controller/base.rb:1250:in `render_for_file'
C:/Ruby187/lib/ruby/gems/1.8/gems/actionpack-2.3.8/lib/action_controller/base.rb:942:in `render_without_benchmark'
C:/Ruby187/lib/ruby/gems/1.8/gems/actionpack-2.3.8/lib/action_controller/benchmarking.rb:51:in `render'
C:/Ruby187/lib/ruby/gems/1.8/gems/activesupport-2.3.8/lib/active_support/core_ext/benchmark.rb:17:in `ms'
C:/Ruby187/lib/ruby/1.8/benchmark.rb:308:in `realtime'
C:/Ruby187/lib/ruby/gems/1.8/gems/activesupport-2.3.8/lib/active_support/core_ext/benchmark.rb:17:in `ms'
C:/Ruby187/lib/ruby/gems/1.8/gems/actionpack-2.3.8/lib/action_controller/benchmarking.rb:51:in `render'
C:/Ruby187/lib/ruby/gems/1.8/gems/actionpack-2.3.8/lib/action_controller/mime_responds.rb:135:in `send'
C:/Ruby187/lib/ruby/gems/1.8/gems/actionpack-2.3.8/lib/action_controller/mime_responds.rb:135:in `custom'
C:/Ruby187/lib/ruby/gems/1.8/gems/actionpack-2.3.8/lib/action_controller/mime_responds.rb:179:in `call'
C:/Ruby187/lib/ruby/gems/1.8/gems/actionpack-2.3.8/lib/action_controller/mime_responds.rb:179:in `respond'
C:/Ruby187/lib/ruby/gems/1.8/gems/actionpack-2.3.8/lib/action_controller/mime_responds.rb:173:in `each'
C:/Ruby187/lib/ruby/gems/1.8/gems/actionpack-2.3.8/lib/action_controller/mime_responds.rb:173:in `respond'
C:/Ruby187/lib/ruby/gems/1.8/gems/actionpack-2.3.8/lib/action_controller/mime_responds.rb:107:in `respond_to'
C:/Users/Kevin/Documents/CS 160/gardengnome/app/controllers/gardens_controller.rb:9:in `index'
C:/Ruby187/lib/ruby/gems/1.8/gems/actionpack-2.3.8/lib/action_controller/base.rb:1331:in `send'
C:/Ruby187/lib/ruby/gems/1.8/gems/actionpack-2.3.8/lib/action_controller/base.rb:1331:in `perform_action_without_filters'
C:/Ruby187/lib/ruby/gems/1.8/gems/actionpack-2.3.8/lib/action_controller/filters.rb:617:in `call_filters'
C:/Ruby187/lib/ruby/gems/1.8/gems/actionpack-2.3.8/lib/action_controller/filters.rb:610:in `perform_action_without_benchmark'
C:/Ruby187/lib/ruby/gems/1.8/gems/actionpack-2.3.8/lib/action_controller/benchmarking.rb:68:in `perform_action_without_rescue'
C:/Ruby187/lib/ruby/gems/1.8/gems/activesupport-2.3.8/lib/active_support/core_ext/benchmark.rb:17:in `ms'
C:/Ruby187/lib/ruby/1.8/benchmark.rb:308:in `realtime'
C:/Ruby187/lib/ruby/gems/1.8/gems/activesupport-2.3.8/lib/active_support/core_ext/benchmark.rb:17:in `ms'
C:/Ruby187/lib/ruby/gems/1.8/gems/actionpack-2.3.8/lib/action_controller/benchmarking.rb:68:in `perform_action_without_rescue'
C:/Ruby187/lib/ruby/gems/1.8/gems/actionpack-2.3.8/lib/action_controller/rescue.rb:160:in `perform_action_without_flash'
C:/Ruby187/lib/ruby/gems/1.8/gems/actionpack-2.3.8/lib/action_controller/flash.rb:151:in `perform_action'
C:/Ruby187/lib/ruby/gems/1.8/gems/actionpack-2.3.8/lib/action_controller/base.rb:532:in `send'
C:/Ruby187/lib/ruby/gems/1.8/gems/actionpack-2.3.8/lib/action_controller/base.rb:532:in `process_without_filters'
C:/Ruby187/lib/ruby/gems/1.8/gems/actionpack-2.3.8/lib/action_controller/filters.rb:606:in `process'
C:/Ruby187/lib/ruby/gems/1.8/gems/actionpack-2.3.8/lib/action_controller/base.rb:391:in `process'
C:/Ruby187/lib/ruby/gems/1.8/gems/actionpack-2.3.8/lib/action_controller/base.rb:386:in `call'
C:/Ruby187/lib/ruby/gems/1.8/gems/actionpack-2.3.8/lib/action_controller/routing/route_set.rb:438:in `call'
C:/Ruby187/lib/ruby/gems/1.8/gems/actionpack-2.3.8/lib/action_controller/dispatcher.rb:87:in `dispatch'
C:/Ruby187/lib/ruby/gems/1.8/gems/actionpack-2.3.8/lib/action_controller/dispatcher.rb:121:in `_call'
C:/Ruby187/lib/ruby/gems/1.8/gems/actionpack-2.3.8/lib/action_controller/dispatcher.rb:130:in `build_middleware_stack'
C:/Ruby187/lib/ruby/gems/1.8/gems/activerecord-2.3.8/lib/active_record/query_cache.rb:29:in `call'
C:/Ruby187/lib/ruby/gems/1.8/gems/activerecord-2.3.8/lib/active_record/query_cache.rb:29:in `call'
C:/Ruby187/lib/ruby/gems/1.8/gems/activerecord-2.3.8/lib/active_record/connection_adapters/abstract/query_cache.rb:34:in `cache'
C:/Ruby187/lib/ruby/gems/1.8/gems/activerecord-2.3.8/lib/active_record/query_cache.rb:9:in `cache'
C:/Ruby187/lib/ruby/gems/1.8/gems/activerecord-2.3.8/lib/active_record/query_cache.rb:28:in `call'
C:/Ruby187/lib/ruby/gems/1.8/gems/activerecord-2.3.8/lib/active_record/connection_adapters/abstract/connection_pool.rb:361:in `call'
C:/Ruby187/lib/ruby/gems/1.8/gems/actionpack-2.3.8/lib/action_controller/string_coercion.rb:25:in `call'
C:/Ruby187/lib/ruby/gems/1.8/gems/rack-1.1.0/lib/rack/head.rb:9:in `call'
C:/Ruby187/lib/ruby/gems/1.8/gems/rack-1.1.0/lib/rack/methodoverride.rb:24:in `call'
C:/Ruby187/lib/ruby/gems/1.8/gems/actionpack-2.3.8/lib/action_controller/params_parser.rb:15:in `call'
C:/Ruby187/lib/ruby/gems/1.8/gems/actionpack-2.3.8/lib/action_controller/session/cookie_store.rb:99:in `call'
C:/Ruby187/lib/ruby/gems/1.8/gems/actionpack-2.3.8/lib/action_controller/failsafe.rb:26:in `call'
C:/Ruby187/lib/ruby/gems/1.8/gems/rack-1.1.0/lib/rack/lock.rb:11:in `call'
C:/Ruby187/lib/ruby/gems/1.8/gems/rack-1.1.0/lib/rack/lock.rb:11:in `synchronize'
C:/Ruby187/lib/ruby/gems/1.8/gems/rack-1.1.0/lib/rack/lock.rb:11:in `call'
C:/Ruby187/lib/ruby/gems/1.8/gems/actionpack-2.3.8/lib/action_controller/dispatcher.rb:114:in `call'
C:/Ruby187/lib/ruby/gems/1.8/gems/actionpack-2.3.8/lib/action_controller/reloader.rb:34:in `run'
C:/Ruby187/lib/ruby/gems/1.8/gems/actionpack-2.3.8/lib/action_controller/dispatcher.rb:108:in `call'
C:/Ruby187/lib/ruby/gems/1.8/gems/rails-2.3.8/lib/rails/rack/static.rb:31:in `call'
C:/Ruby187/lib/ruby/gems/1.8/gems/rack-1.1.0/lib/rack/urlmap.rb:47:in `call'
C:/Ruby187/lib/ruby/gems/1.8/gems/rack-1.1.0/lib/rack/urlmap.rb:41:in `each'
C:/Ruby187/lib/ruby/gems/1.8/gems/rack-1.1.0/lib/rack/urlmap.rb:41:in `call'
C:/Ruby187/lib/ruby/gems/1.8/gems/rails-2.3.8/lib/rails/rack/log_tailer.rb:17:in `call'
C:/Ruby187/lib/ruby/gems/1.8/gems/rack-1.1.0/lib/rack/content_length.rb:13:in `call'
C:/Ruby187/lib/ruby/gems/1.8/gems/rack-1.1.0/lib/rack/handler/webrick.rb:48:in `service'
C:/Ruby187/lib/ruby/1.8/webrick/httpserver.rb:104:in `service'
C:/Ruby187/lib/ruby/1.8/webrick/httpserver.rb:65:in `run'
C:/Ruby187/lib/ruby/1.8/webrick/server.rb:173:in `start_thread'
C:/Ruby187/lib/ruby/1.8/webrick/server.rb:162:in `start'
C:/Ruby187/lib/ruby/1.8/webrick/server.rb:162:in `start_thread'
C:/Ruby187/lib/ruby/1.8/webrick/server.rb:95:in `start'
C:/Ruby187/lib/ruby/1.8/webrick/server.rb:92:in `each'
C:/Ruby187/lib/ruby/1.8/webrick/server.rb:92:in `start'
C:/Ruby187/lib/ruby/1.8/webrick/server.rb:23:in `start'
C:/Ruby187/lib/ruby/1.8/webrick/server.rb:82:in `start'
C:/Ruby187/lib/ruby/gems/1.8/gems/rack-1.1.0/lib/rack/handler/webrick.rb:14:in `run'
C:/Ruby187/lib/ruby/gems/1.8/gems/rails-2.3.8/lib/commands/server.rb:111
C:/Ruby187/lib/ruby/site_ruby/1.8/rubygems/custom_require.rb:31:in `gem_original_require'
C:/Ruby187/lib/ruby/site_ruby/1.8/rubygems/custom_require.rb:31:in `require'
script/server:3

ActionView::TemplateError (compile error
C:/Users/Kevin/Documents/CS 160/gardengnome/app/views/gardens/index.html.erb:23: syntax error, unexpected kENSURE, expecting kEND
C:/Users/Kevin/Documents/CS 160/gardengnome/app/views/gardens/index.html.erb:25: syntax error, unexpected $end, expecting kEND) on line #23 of app/views/gardens/index.html.erb:
20: <br />
21: 
22: <%= link_to 'New garden', new_garden_path %>

    app/views/gardens/index.html.erb:25:in `compile!'
    app/controllers/gardens_controller.rb:9:in `index'
    C:/Ruby187/lib/ruby/1.8/webrick/httpserver.rb:104:in `service'
    C:/Ruby187/lib/ruby/1.8/webrick/httpserver.rb:65:in `run'
    C:/Ruby187/lib/ruby/1.8/webrick/server.rb:173:in `start_thread'
    C:/Ruby187/lib/ruby/1.8/webrick/server.rb:162:in `start'
    C:/Ruby187/lib/ruby/1.8/webrick/server.rb:162:in `start_thread'
    C:/Ruby187/lib/ruby/1.8/webrick/server.rb:95:in `start'
    C:/Ruby187/lib/ruby/1.8/webrick/server.rb:92:in `each'
    C:/Ruby187/lib/ruby/1.8/webrick/server.rb:92:in `start'
    C:/Ruby187/lib/ruby/1.8/webrick/server.rb:23:in `start'
    C:/Ruby187/lib/ruby/1.8/webrick/server.rb:82:in `start'

Rendered rescues/_trace (183.0ms)
Rendered rescues/_request_and_response (1.0ms)
Rendering rescues/layout (internal_server_error)


Processing GardensController#index (for 127.0.0.1 at 2011-04-24 01:05:39) [GET]
  [4;35;1mGarden Load (2.0ms)[0m   [0mSELECT * FROM "gardens" [0m
Rendering template within layouts/scaffold
Rendering gardens/index
ERROR: compiling _run_erb_app47views47gardens47index46html46erb RAISED compile error
C:/Users/Kevin/Documents/CS 160/gardengnome/app/views/gardens/index.html.erb:9: syntax error, unexpected ')', expecting kTHEN or ':' or '\n' or ';'
...ut_buffer.concat(( if 3 == 2 ).to_s); @output_buffer.concat ...
                              ^
Function body:           def _run_erb_app47views47gardens47index46html46erb(local_assigns)
            old_output_buffer = output_buffer;;@output_buffer = '';  __in_erb_template=true ; @output_buffer.concat "<div style=\"text-align: center\">\n"
; @output_buffer.concat(( image_tag "/images/logo.png", :alt => "GardenGnome" ).to_s); @output_buffer.concat "\n</div>\n<table>\n  <tr>\n  </tr>\n\n"





;  @gardens.each do |garden| ; @output_buffer.concat "\n  "
; @output_buffer.concat(( if 3 == 2 ).to_s); @output_buffer.concat "\n    <tr>\n      <td>"

; @output_buffer.concat((h garden.name ).to_s); @output_buffer.concat "</td>\n      <td>"
; @output_buffer.concat((h garden.city ).to_s); @output_buffer.concat ", "; @output_buffer.concat((h garden.state ).to_s); @output_buffer.concat "</td>\n      <td>"
; @output_buffer.concat(( link_to 'Show', garden ).to_s); @output_buffer.concat "</td>\n      <!--td>"
; @output_buffer.concat(( link_to 'Edit', edit_garden_path(garden) ).to_s); @output_buffer.concat "</td-->\n      <!--td>"
; @output_buffer.concat(( link_to 'Destroy', garden, :confirm => 'Are you sure?', :method => :delete ).to_s); @output_buffer.concat "</td-->\n    </tr>\n  "

;  end ; @output_buffer.concat "\n</table>\n\n<br />\n\n"




; @output_buffer.concat(( link_to 'New garden', new_garden_path ).to_s); @output_buffer
          ensure
            self.output_buffer = old_output_buffer
          end
Backtrace: C:/Users/Kevin/Documents/CS 160/gardengnome/app/views/gardens/index.html.erb:25:in `compile!'
C:/Ruby187/lib/ruby/gems/1.8/gems/actionpack-2.3.8/lib/action_view/renderable.rb:61:in `compile'
C:/Ruby187/lib/ruby/gems/1.8/gems/actionpack-2.3.8/lib/action_view/renderable.rb:28:in `render'
C:/Ruby187/lib/ruby/gems/1.8/gems/actionpack-2.3.8/lib/action_view/template.rb:205:in `render_template'
C:/Ruby187/lib/ruby/gems/1.8/gems/actionpack-2.3.8/lib/action_view/base.rb:265:in `render'
C:/Ruby187/lib/ruby/gems/1.8/gems/actionpack-2.3.8/lib/action_view/base.rb:348:in `_render_with_layout'
C:/Ruby187/lib/ruby/gems/1.8/gems/actionpack-2.3.8/lib/action_view/base.rb:262:in `render'
C:/Ruby187/lib/ruby/gems/1.8/gems/actionpack-2.3.8/lib/action_controller/base.rb:1250:in `render_for_file'
C:/Ruby187/lib/ruby/gems/1.8/gems/actionpack-2.3.8/lib/action_controller/base.rb:942:in `render_without_benchmark'
C:/Ruby187/lib/ruby/gems/1.8/gems/actionpack-2.3.8/lib/action_controller/benchmarking.rb:51:in `render'
C:/Ruby187/lib/ruby/gems/1.8/gems/activesupport-2.3.8/lib/active_support/core_ext/benchmark.rb:17:in `ms'
C:/Ruby187/lib/ruby/1.8/benchmark.rb:308:in `realtime'
C:/Ruby187/lib/ruby/gems/1.8/gems/activesupport-2.3.8/lib/active_support/core_ext/benchmark.rb:17:in `ms'
C:/Ruby187/lib/ruby/gems/1.8/gems/actionpack-2.3.8/lib/action_controller/benchmarking.rb:51:in `render'
C:/Ruby187/lib/ruby/gems/1.8/gems/actionpack-2.3.8/lib/action_controller/mime_responds.rb:135:in `send'
C:/Ruby187/lib/ruby/gems/1.8/gems/actionpack-2.3.8/lib/action_controller/mime_responds.rb:135:in `custom'
C:/Ruby187/lib/ruby/gems/1.8/gems/actionpack-2.3.8/lib/action_controller/mime_responds.rb:179:in `call'
C:/Ruby187/lib/ruby/gems/1.8/gems/actionpack-2.3.8/lib/action_controller/mime_responds.rb:179:in `respond'
C:/Ruby187/lib/ruby/gems/1.8/gems/actionpack-2.3.8/lib/action_controller/mime_responds.rb:173:in `each'
C:/Ruby187/lib/ruby/gems/1.8/gems/actionpack-2.3.8/lib/action_controller/mime_responds.rb:173:in `respond'
C:/Ruby187/lib/ruby/gems/1.8/gems/actionpack-2.3.8/lib/action_controller/mime_responds.rb:107:in `respond_to'
C:/Users/Kevin/Documents/CS 160/gardengnome/app/controllers/gardens_controller.rb:9:in `index'
C:/Ruby187/lib/ruby/gems/1.8/gems/actionpack-2.3.8/lib/action_controller/base.rb:1331:in `send'
C:/Ruby187/lib/ruby/gems/1.8/gems/actionpack-2.3.8/lib/action_controller/base.rb:1331:in `perform_action_without_filters'
C:/Ruby187/lib/ruby/gems/1.8/gems/actionpack-2.3.8/lib/action_controller/filters.rb:617:in `call_filters'
C:/Ruby187/lib/ruby/gems/1.8/gems/actionpack-2.3.8/lib/action_controller/filters.rb:610:in `perform_action_without_benchmark'
C:/Ruby187/lib/ruby/gems/1.8/gems/actionpack-2.3.8/lib/action_controller/benchmarking.rb:68:in `perform_action_without_rescue'
C:/Ruby187/lib/ruby/gems/1.8/gems/activesupport-2.3.8/lib/active_support/core_ext/benchmark.rb:17:in `ms'
C:/Ruby187/lib/ruby/1.8/benchmark.rb:308:in `realtime'
C:/Ruby187/lib/ruby/gems/1.8/gems/activesupport-2.3.8/lib/active_support/core_ext/benchmark.rb:17:in `ms'
C:/Ruby187/lib/ruby/gems/1.8/gems/actionpack-2.3.8/lib/action_controller/benchmarking.rb:68:in `perform_action_without_rescue'
C:/Ruby187/lib/ruby/gems/1.8/gems/actionpack-2.3.8/lib/action_controller/rescue.rb:160:in `perform_action_without_flash'
C:/Ruby187/lib/ruby/gems/1.8/gems/actionpack-2.3.8/lib/action_controller/flash.rb:151:in `perform_action'
C:/Ruby187/lib/ruby/gems/1.8/gems/actionpack-2.3.8/lib/action_controller/base.rb:532:in `send'
C:/Ruby187/lib/ruby/gems/1.8/gems/actionpack-2.3.8/lib/action_controller/base.rb:532:in `process_without_filters'
C:/Ruby187/lib/ruby/gems/1.8/gems/actionpack-2.3.8/lib/action_controller/filters.rb:606:in `process'
C:/Ruby187/lib/ruby/gems/1.8/gems/actionpack-2.3.8/lib/action_controller/base.rb:391:in `process'
C:/Ruby187/lib/ruby/gems/1.8/gems/actionpack-2.3.8/lib/action_controller/base.rb:386:in `call'
C:/Ruby187/lib/ruby/gems/1.8/gems/actionpack-2.3.8/lib/action_controller/routing/route_set.rb:438:in `call'
C:/Ruby187/lib/ruby/gems/1.8/gems/actionpack-2.3.8/lib/action_controller/dispatcher.rb:87:in `dispatch'
C:/Ruby187/lib/ruby/gems/1.8/gems/actionpack-2.3.8/lib/action_controller/dispatcher.rb:121:in `_call'
C:/Ruby187/lib/ruby/gems/1.8/gems/actionpack-2.3.8/lib/action_controller/dispatcher.rb:130:in `build_middleware_stack'
C:/Ruby187/lib/ruby/gems/1.8/gems/activerecord-2.3.8/lib/active_record/query_cache.rb:29:in `call'
C:/Ruby187/lib/ruby/gems/1.8/gems/activerecord-2.3.8/lib/active_record/query_cache.rb:29:in `call'
C:/Ruby187/lib/ruby/gems/1.8/gems/activerecord-2.3.8/lib/active_record/connection_adapters/abstract/query_cache.rb:34:in `cache'
C:/Ruby187/lib/ruby/gems/1.8/gems/activerecord-2.3.8/lib/active_record/query_cache.rb:9:in `cache'
C:/Ruby187/lib/ruby/gems/1.8/gems/activerecord-2.3.8/lib/active_record/query_cache.rb:28:in `call'
C:/Ruby187/lib/ruby/gems/1.8/gems/activerecord-2.3.8/lib/active_record/connection_adapters/abstract/connection_pool.rb:361:in `call'
C:/Ruby187/lib/ruby/gems/1.8/gems/actionpack-2.3.8/lib/action_controller/string_coercion.rb:25:in `call'
C:/Ruby187/lib/ruby/gems/1.8/gems/rack-1.1.0/lib/rack/head.rb:9:in `call'
C:/Ruby187/lib/ruby/gems/1.8/gems/rack-1.1.0/lib/rack/methodoverride.rb:24:in `call'
C:/Ruby187/lib/ruby/gems/1.8/gems/actionpack-2.3.8/lib/action_controller/params_parser.rb:15:in `call'
C:/Ruby187/lib/ruby/gems/1.8/gems/actionpack-2.3.8/lib/action_controller/session/cookie_store.rb:99:in `call'
C:/Ruby187/lib/ruby/gems/1.8/gems/actionpack-2.3.8/lib/action_controller/failsafe.rb:26:in `call'
C:/Ruby187/lib/ruby/gems/1.8/gems/rack-1.1.0/lib/rack/lock.rb:11:in `call'
C:/Ruby187/lib/ruby/gems/1.8/gems/rack-1.1.0/lib/rack/lock.rb:11:in `synchronize'
C:/Ruby187/lib/ruby/gems/1.8/gems/rack-1.1.0/lib/rack/lock.rb:11:in `call'
C:/Ruby187/lib/ruby/gems/1.8/gems/actionpack-2.3.8/lib/action_controller/dispatcher.rb:114:in `call'
C:/Ruby187/lib/ruby/gems/1.8/gems/actionpack-2.3.8/lib/action_controller/reloader.rb:34:in `run'
C:/Ruby187/lib/ruby/gems/1.8/gems/actionpack-2.3.8/lib/action_controller/dispatcher.rb:108:in `call'
C:/Ruby187/lib/ruby/gems/1.8/gems/rails-2.3.8/lib/rails/rack/static.rb:31:in `call'
C:/Ruby187/lib/ruby/gems/1.8/gems/rack-1.1.0/lib/rack/urlmap.rb:47:in `call'
C:/Ruby187/lib/ruby/gems/1.8/gems/rack-1.1.0/lib/rack/urlmap.rb:41:in `each'
C:/Ruby187/lib/ruby/gems/1.8/gems/rack-1.1.0/lib/rack/urlmap.rb:41:in `call'
C:/Ruby187/lib/ruby/gems/1.8/gems/rails-2.3.8/lib/rails/rack/log_tailer.rb:17:in `call'
C:/Ruby187/lib/ruby/gems/1.8/gems/rack-1.1.0/lib/rack/content_length.rb:13:in `call'
C:/Ruby187/lib/ruby/gems/1.8/gems/rack-1.1.0/lib/rack/handler/webrick.rb:48:in `service'
C:/Ruby187/lib/ruby/1.8/webrick/httpserver.rb:104:in `service'
C:/Ruby187/lib/ruby/1.8/webrick/httpserver.rb:65:in `run'
C:/Ruby187/lib/ruby/1.8/webrick/server.rb:173:in `start_thread'
C:/Ruby187/lib/ruby/1.8/webrick/server.rb:162:in `start'
C:/Ruby187/lib/ruby/1.8/webrick/server.rb:162:in `start_thread'
C:/Ruby187/lib/ruby/1.8/webrick/server.rb:95:in `start'
C:/Ruby187/lib/ruby/1.8/webrick/server.rb:92:in `each'
C:/Ruby187/lib/ruby/1.8/webrick/server.rb:92:in `start'
C:/Ruby187/lib/ruby/1.8/webrick/server.rb:23:in `start'
C:/Ruby187/lib/ruby/1.8/webrick/server.rb:82:in `start'
C:/Ruby187/lib/ruby/gems/1.8/gems/rack-1.1.0/lib/rack/handler/webrick.rb:14:in `run'
C:/Ruby187/lib/ruby/gems/1.8/gems/rails-2.3.8/lib/commands/server.rb:111
C:/Ruby187/lib/ruby/site_ruby/1.8/rubygems/custom_require.rb:31:in `gem_original_require'
C:/Ruby187/lib/ruby/site_ruby/1.8/rubygems/custom_require.rb:31:in `require'
script/server:3

ActionView::TemplateError (compile error
C:/Users/Kevin/Documents/CS 160/gardengnome/app/views/gardens/index.html.erb:9: syntax error, unexpected ')', expecting kTHEN or ':' or '\n' or ';'
...ut_buffer.concat(( if 3 == 2 ).to_s); @output_buffer.concat ...
                              ^) on line #9 of app/views/gardens/index.html.erb:
6:   </tr>
7: 
8: <% @gardens.each do |garden| %>
9:   <%= if 3 == 2 %>
10:     <tr>
11:       <td><%=h garden.name %></td>
12:       <td><%=h garden.city %>, <%=h garden.state %></td>

    app/views/gardens/index.html.erb:25:in `compile!'
    app/controllers/gardens_controller.rb:9:in `index'
    C:/Ruby187/lib/ruby/1.8/webrick/httpserver.rb:104:in `service'
    C:/Ruby187/lib/ruby/1.8/webrick/httpserver.rb:65:in `run'
    C:/Ruby187/lib/ruby/1.8/webrick/server.rb:173:in `start_thread'
    C:/Ruby187/lib/ruby/1.8/webrick/server.rb:162:in `start'
    C:/Ruby187/lib/ruby/1.8/webrick/server.rb:162:in `start_thread'
    C:/Ruby187/lib/ruby/1.8/webrick/server.rb:95:in `start'
    C:/Ruby187/lib/ruby/1.8/webrick/server.rb:92:in `each'
    C:/Ruby187/lib/ruby/1.8/webrick/server.rb:92:in `start'
    C:/Ruby187/lib/ruby/1.8/webrick/server.rb:23:in `start'
    C:/Ruby187/lib/ruby/1.8/webrick/server.rb:82:in `start'

Rendered rescues/_trace (193.0ms)
Rendered rescues/_request_and_response (1.0ms)
Rendering rescues/layout (internal_server_error)


Processing GardensController#index (for 127.0.0.1 at 2011-04-24 01:06:31) [GET]
  [4;36;1mGarden Load (2.0ms)[0m   [0;1mSELECT * FROM "gardens" [0m
Rendering template within layouts/scaffold
Rendering gardens/index
ERROR: compiling _run_erb_app47views47gardens47index46html46erb RAISED compile error
C:/Users/Kevin/Documents/CS 160/gardengnome/app/views/gardens/index.html.erb:21: syntax error, unexpected kENSURE, expecting kEND
C:/Users/Kevin/Documents/CS 160/gardengnome/app/views/gardens/index.html.erb:23: syntax error, unexpected $end, expecting kEND
Function body:           def _run_erb_app47views47gardens47index46html46erb(local_assigns)
            old_output_buffer = output_buffer;;@output_buffer = '';  __in_erb_template=true ; @output_buffer.concat "<div style=\"text-align: center\">\n"
; @output_buffer.concat(( image_tag "/images/logo.png", :alt => "GardenGnome" ).to_s); @output_buffer.concat "\n</div>\n<table>\n  <tr>\n  </tr>\n\n"





;  @gardens.each do |garden| ; @output_buffer.concat "\n  "
;  if garden.public ; @output_buffer.concat "\n    <tr>\n      <td>"

; @output_buffer.concat(( link_to 'Show', garden ).to_s); @output_buffer.concat "</td>\n      <!--td>"
; @output_buffer.concat(( link_to 'Edit', edit_garden_path(garden) ).to_s); @output_buffer.concat "</td-->\n      <!--td>"
; @output_buffer.concat(( link_to 'Destroy', garden, :confirm => 'Are you sure?', :method => :delete ).to_s); @output_buffer.concat "</td-->\n    </tr>\n  "

;  end ; @output_buffer.concat "\n</table>\n\n<br />\n\n"




; @output_buffer.concat(( link_to 'New garden', new_garden_path ).to_s); @output_buffer
          ensure
            self.output_buffer = old_output_buffer
          end
Backtrace: C:/Users/Kevin/Documents/CS 160/gardengnome/app/views/gardens/index.html.erb:23:in `compile!'
C:/Ruby187/lib/ruby/gems/1.8/gems/actionpack-2.3.8/lib/action_view/renderable.rb:61:in `compile'
C:/Ruby187/lib/ruby/gems/1.8/gems/actionpack-2.3.8/lib/action_view/renderable.rb:28:in `render'
C:/Ruby187/lib/ruby/gems/1.8/gems/actionpack-2.3.8/lib/action_view/template.rb:205:in `render_template'
C:/Ruby187/lib/ruby/gems/1.8/gems/actionpack-2.3.8/lib/action_view/base.rb:265:in `render'
C:/Ruby187/lib/ruby/gems/1.8/gems/actionpack-2.3.8/lib/action_view/base.rb:348:in `_render_with_layout'
C:/Ruby187/lib/ruby/gems/1.8/gems/actionpack-2.3.8/lib/action_view/base.rb:262:in `render'
C:/Ruby187/lib/ruby/gems/1.8/gems/actionpack-2.3.8/lib/action_controller/base.rb:1250:in `render_for_file'
C:/Ruby187/lib/ruby/gems/1.8/gems/actionpack-2.3.8/lib/action_controller/base.rb:942:in `render_without_benchmark'
C:/Ruby187/lib/ruby/gems/1.8/gems/actionpack-2.3.8/lib/action_controller/benchmarking.rb:51:in `render'
C:/Ruby187/lib/ruby/gems/1.8/gems/activesupport-2.3.8/lib/active_support/core_ext/benchmark.rb:17:in `ms'
C:/Ruby187/lib/ruby/1.8/benchmark.rb:308:in `realtime'
C:/Ruby187/lib/ruby/gems/1.8/gems/activesupport-2.3.8/lib/active_support/core_ext/benchmark.rb:17:in `ms'
C:/Ruby187/lib/ruby/gems/1.8/gems/actionpack-2.3.8/lib/action_controller/benchmarking.rb:51:in `render'
C:/Ruby187/lib/ruby/gems/1.8/gems/actionpack-2.3.8/lib/action_controller/mime_responds.rb:135:in `send'
C:/Ruby187/lib/ruby/gems/1.8/gems/actionpack-2.3.8/lib/action_controller/mime_responds.rb:135:in `custom'
C:/Ruby187/lib/ruby/gems/1.8/gems/actionpack-2.3.8/lib/action_controller/mime_responds.rb:179:in `call'
C:/Ruby187/lib/ruby/gems/1.8/gems/actionpack-2.3.8/lib/action_controller/mime_responds.rb:179:in `respond'
C:/Ruby187/lib/ruby/gems/1.8/gems/actionpack-2.3.8/lib/action_controller/mime_responds.rb:173:in `each'
C:/Ruby187/lib/ruby/gems/1.8/gems/actionpack-2.3.8/lib/action_controller/mime_responds.rb:173:in `respond'
C:/Ruby187/lib/ruby/gems/1.8/gems/actionpack-2.3.8/lib/action_controller/mime_responds.rb:107:in `respond_to'
C:/Users/Kevin/Documents/CS 160/gardengnome/app/controllers/gardens_controller.rb:9:in `index'
C:/Ruby187/lib/ruby/gems/1.8/gems/actionpack-2.3.8/lib/action_controller/base.rb:1331:in `send'
C:/Ruby187/lib/ruby/gems/1.8/gems/actionpack-2.3.8/lib/action_controller/base.rb:1331:in `perform_action_without_filters'
C:/Ruby187/lib/ruby/gems/1.8/gems/actionpack-2.3.8/lib/action_controller/filters.rb:617:in `call_filters'
C:/Ruby187/lib/ruby/gems/1.8/gems/actionpack-2.3.8/lib/action_controller/filters.rb:610:in `perform_action_without_benchmark'
C:/Ruby187/lib/ruby/gems/1.8/gems/actionpack-2.3.8/lib/action_controller/benchmarking.rb:68:in `perform_action_without_rescue'
C:/Ruby187/lib/ruby/gems/1.8/gems/activesupport-2.3.8/lib/active_support/core_ext/benchmark.rb:17:in `ms'
C:/Ruby187/lib/ruby/1.8/benchmark.rb:308:in `realtime'
C:/Ruby187/lib/ruby/gems/1.8/gems/activesupport-2.3.8/lib/active_support/core_ext/benchmark.rb:17:in `ms'
C:/Ruby187/lib/ruby/gems/1.8/gems/actionpack-2.3.8/lib/action_controller/benchmarking.rb:68:in `perform_action_without_rescue'
C:/Ruby187/lib/ruby/gems/1.8/gems/actionpack-2.3.8/lib/action_controller/rescue.rb:160:in `perform_action_without_flash'
C:/Ruby187/lib/ruby/gems/1.8/gems/actionpack-2.3.8/lib/action_controller/flash.rb:151:in `perform_action'
C:/Ruby187/lib/ruby/gems/1.8/gems/actionpack-2.3.8/lib/action_controller/base.rb:532:in `send'
C:/Ruby187/lib/ruby/gems/1.8/gems/actionpack-2.3.8/lib/action_controller/base.rb:532:in `process_without_filters'
C:/Ruby187/lib/ruby/gems/1.8/gems/actionpack-2.3.8/lib/action_controller/filters.rb:606:in `process'
C:/Ruby187/lib/ruby/gems/1.8/gems/actionpack-2.3.8/lib/action_controller/base.rb:391:in `process'
C:/Ruby187/lib/ruby/gems/1.8/gems/actionpack-2.3.8/lib/action_controller/base.rb:386:in `call'
C:/Ruby187/lib/ruby/gems/1.8/gems/actionpack-2.3.8/lib/action_controller/routing/route_set.rb:438:in `call'
C:/Ruby187/lib/ruby/gems/1.8/gems/actionpack-2.3.8/lib/action_controller/dispatcher.rb:87:in `dispatch'
C:/Ruby187/lib/ruby/gems/1.8/gems/actionpack-2.3.8/lib/action_controller/dispatcher.rb:121:in `_call'
C:/Ruby187/lib/ruby/gems/1.8/gems/actionpack-2.3.8/lib/action_controller/dispatcher.rb:130:in `build_middleware_stack'
C:/Ruby187/lib/ruby/gems/1.8/gems/activerecord-2.3.8/lib/active_record/query_cache.rb:29:in `call'
C:/Ruby187/lib/ruby/gems/1.8/gems/activerecord-2.3.8/lib/active_record/query_cache.rb:29:in `call'
C:/Ruby187/lib/ruby/gems/1.8/gems/activerecord-2.3.8/lib/active_record/connection_adapters/abstract/query_cache.rb:34:in `cache'
C:/Ruby187/lib/ruby/gems/1.8/gems/activerecord-2.3.8/lib/active_record/query_cache.rb:9:in `cache'
C:/Ruby187/lib/ruby/gems/1.8/gems/activerecord-2.3.8/lib/active_record/query_cache.rb:28:in `call'
C:/Ruby187/lib/ruby/gems/1.8/gems/activerecord-2.3.8/lib/active_record/connection_adapters/abstract/connection_pool.rb:361:in `call'
C:/Ruby187/lib/ruby/gems/1.8/gems/actionpack-2.3.8/lib/action_controller/string_coercion.rb:25:in `call'
C:/Ruby187/lib/ruby/gems/1.8/gems/rack-1.1.0/lib/rack/head.rb:9:in `call'
C:/Ruby187/lib/ruby/gems/1.8/gems/rack-1.1.0/lib/rack/methodoverride.rb:24:in `call'
C:/Ruby187/lib/ruby/gems/1.8/gems/actionpack-2.3.8/lib/action_controller/params_parser.rb:15:in `call'
C:/Ruby187/lib/ruby/gems/1.8/gems/actionpack-2.3.8/lib/action_controller/session/cookie_store.rb:99:in `call'
C:/Ruby187/lib/ruby/gems/1.8/gems/actionpack-2.3.8/lib/action_controller/failsafe.rb:26:in `call'
C:/Ruby187/lib/ruby/gems/1.8/gems/rack-1.1.0/lib/rack/lock.rb:11:in `call'
C:/Ruby187/lib/ruby/gems/1.8/gems/rack-1.1.0/lib/rack/lock.rb:11:in `synchronize'
C:/Ruby187/lib/ruby/gems/1.8/gems/rack-1.1.0/lib/rack/lock.rb:11:in `call'
C:/Ruby187/lib/ruby/gems/1.8/gems/actionpack-2.3.8/lib/action_controller/dispatcher.rb:114:in `call'
C:/Ruby187/lib/ruby/gems/1.8/gems/actionpack-2.3.8/lib/action_controller/reloader.rb:34:in `run'
C:/Ruby187/lib/ruby/gems/1.8/gems/actionpack-2.3.8/lib/action_controller/dispatcher.rb:108:in `call'
C:/Ruby187/lib/ruby/gems/1.8/gems/rails-2.3.8/lib/rails/rack/static.rb:31:in `call'
C:/Ruby187/lib/ruby/gems/1.8/gems/rack-1.1.0/lib/rack/urlmap.rb:47:in `call'
C:/Ruby187/lib/ruby/gems/1.8/gems/rack-1.1.0/lib/rack/urlmap.rb:41:in `each'
C:/Ruby187/lib/ruby/gems/1.8/gems/rack-1.1.0/lib/rack/urlmap.rb:41:in `call'
C:/Ruby187/lib/ruby/gems/1.8/gems/rails-2.3.8/lib/rails/rack/log_tailer.rb:17:in `call'
C:/Ruby187/lib/ruby/gems/1.8/gems/rack-1.1.0/lib/rack/content_length.rb:13:in `call'
C:/Ruby187/lib/ruby/gems/1.8/gems/rack-1.1.0/lib/rack/handler/webrick.rb:48:in `service'
C:/Ruby187/lib/ruby/1.8/webrick/httpserver.rb:104:in `service'
C:/Ruby187/lib/ruby/1.8/webrick/httpserver.rb:65:in `run'
C:/Ruby187/lib/ruby/1.8/webrick/server.rb:173:in `start_thread'
C:/Ruby187/lib/ruby/1.8/webrick/server.rb:162:in `start'
C:/Ruby187/lib/ruby/1.8/webrick/server.rb:162:in `start_thread'
C:/Ruby187/lib/ruby/1.8/webrick/server.rb:95:in `start'
C:/Ruby187/lib/ruby/1.8/webrick/server.rb:92:in `each'
C:/Ruby187/lib/ruby/1.8/webrick/server.rb:92:in `start'
C:/Ruby187/lib/ruby/1.8/webrick/server.rb:23:in `start'
C:/Ruby187/lib/ruby/1.8/webrick/server.rb:82:in `start'
C:/Ruby187/lib/ruby/gems/1.8/gems/rack-1.1.0/lib/rack/handler/webrick.rb:14:in `run'
C:/Ruby187/lib/ruby/gems/1.8/gems/rails-2.3.8/lib/commands/server.rb:111
C:/Ruby187/lib/ruby/site_ruby/1.8/rubygems/custom_require.rb:31:in `gem_original_require'
C:/Ruby187/lib/ruby/site_ruby/1.8/rubygems/custom_require.rb:31:in `require'
script/server:3

ActionView::TemplateError (compile error
C:/Users/Kevin/Documents/CS 160/gardengnome/app/views/gardens/index.html.erb:21: syntax error, unexpected kENSURE, expecting kEND
C:/Users/Kevin/Documents/CS 160/gardengnome/app/views/gardens/index.html.erb:23: syntax error, unexpected $end, expecting kEND) on line #21 of app/views/gardens/index.html.erb:
18: <br />
19: 
20: <%= link_to 'New garden', new_garden_path %>

    app/views/gardens/index.html.erb:23:in `compile!'
    app/controllers/gardens_controller.rb:9:in `index'
    C:/Ruby187/lib/ruby/1.8/webrick/httpserver.rb:104:in `service'
    C:/Ruby187/lib/ruby/1.8/webrick/httpserver.rb:65:in `run'
    C:/Ruby187/lib/ruby/1.8/webrick/server.rb:173:in `start_thread'
    C:/Ruby187/lib/ruby/1.8/webrick/server.rb:162:in `start'
    C:/Ruby187/lib/ruby/1.8/webrick/server.rb:162:in `start_thread'
    C:/Ruby187/lib/ruby/1.8/webrick/server.rb:95:in `start'
    C:/Ruby187/lib/ruby/1.8/webrick/server.rb:92:in `each'
    C:/Ruby187/lib/ruby/1.8/webrick/server.rb:92:in `start'
    C:/Ruby187/lib/ruby/1.8/webrick/server.rb:23:in `start'
    C:/Ruby187/lib/ruby/1.8/webrick/server.rb:82:in `start'

Rendered rescues/_trace (418.0ms)
Rendered rescues/_request_and_response (1.0ms)
Rendering rescues/layout (internal_server_error)


Processing GardensController#index (for 127.0.0.1 at 2011-04-24 01:08:00) [GET]
  [4;35;1mGarden Load (2.0ms)[0m   [0mSELECT * FROM "gardens" [0m
Rendering template within layouts/scaffold
Rendering gardens/index
Completed in 64ms (View: 35, DB: 2) | 200 OK [http://localhost/]


Processing GardensController#new (for 127.0.0.1 at 2011-04-24 01:08:21) [GET]
Rendering template within layouts/scaffold
Rendering gardens/new
Completed in 134ms (View: 62, DB: 0) | 200 OK [http://localhost/gardens/new]


Processing GardensController#new (for 127.0.0.1 at 2011-04-24 01:11:15) [GET]
Rendering template within layouts/scaffold
Rendering gardens/new
Completed in 94ms (View: 56, DB: 0) | 200 OK [http://localhost/gardens/new]


Processing GardensController#new (for 127.0.0.1 at 2011-04-24 01:12:14) [GET]
Rendering template within layouts/scaffold
Rendering gardens/new
Completed in 159ms (View: 112, DB: 0) | 200 OK [http://localhost/gardens/new]


Processing GardensController#create (for 127.0.0.1 at 2011-04-24 01:14:25) [POST]
  Parameters: {"garden"=>{"city"=>"Berkeley", "name"=>"Karl Linn", "public"=>"true", "info"=>"", "state"=>"CA"}, "commit"=>"Create", "authenticity_token"=>"zYAZvY84ZfTljrzFAtah9By6k/LMmHGFXcJ38IipGxs="}
  [4;36;1mGarden Create (75.0ms)[0m   [0;1mINSERT INTO "gardens" ("name", "city", "created_at", "public", "updated_at", "info", "height", "password", "width", "state") VALUES('Karl Linn', 'Berkeley', '2011-04-24 08:14:25', 't', '2011-04-24 08:14:25', '', NULL, NULL, NULL, 'CA')[0m
Redirected to http://localhost:3000/gardens/1
Completed in 557ms (DB: 75) | 302 Found [http://localhost/gardens]


Processing GardensController#show (for 127.0.0.1 at 2011-04-24 01:14:27) [GET]
  Parameters: {"id"=>"1"}
  [4;35;1mGarden Load (1.0ms)[0m   [0mSELECT * FROM "gardens" WHERE ("gardens"."id" = 1) [0m
Rendering template within layouts/scaffold
Rendering gardens/show
Completed in 194ms (View: 159, DB: 1) | 200 OK [http://localhost/gardens/1]


Processing GardensController#index (for 127.0.0.1 at 2011-04-24 01:14:38) [GET]
  [4;36;1mGarden Load (2.0ms)[0m   [0;1mSELECT * FROM "gardens" [0m
Rendering template within layouts/scaffold
Rendering gardens/index
Completed in 95ms (View: 58, DB: 2) | 200 OK [http://localhost/]


Processing GardensController#index (for 127.0.0.1 at 2011-04-24 01:15:06) [GET]
  [4;35;1mGarden Load (2.0ms)[0m   [0mSELECT * FROM "gardens" [0m
Rendering template within layouts/scaffold
Rendering gardens/index
Completed in 146ms (View: 101, DB: 2) | 200 OK [http://localhost/]


Processing GardensController#index (for 127.0.0.1 at 2011-04-24 01:15:38) [GET]
  [4;36;1mGarden Load (3.0ms)[0m   [0;1mSELECT * FROM "gardens" [0m
Rendering template within layouts/scaffold
Rendering gardens/index
Completed in 84ms (View: 55, DB: 3) | 200 OK [http://localhost/]


Processing GardensController#show to xml (for 127.0.0.1 at 2011-04-24 01:18:12) [GET]
  Parameters: {"id"=>"1"}
  [4;35;1mGarden Load (2.0ms)[0m   [0mSELECT * FROM "gardens" WHERE ("gardens"."id" = 1) [0m
Completed in 232ms (View: 203, DB: 2) | 200 OK [http://localhost/gardens/1.xml]


Processing GardensController#show to json (for 127.0.0.1 at 2011-04-24 01:18:21) [GET]
  Parameters: {"id"=>"1"}
  [4;36;1mGarden Load (1.0ms)[0m   [0;1mSELECT * FROM "gardens" WHERE ("gardens"."id" = 1) [0m
Completed in 110ms (View: 81, DB: 1) | 200 OK [http://localhost/gardens/1.json]


Processing GardensController#index to xml (for 127.0.0.1 at 2011-04-24 01:20:18) [GET]
  [4;35;1mGarden Load (2.0ms)[0m   [0mSELECT * FROM "gardens" [0m
Completed in 58ms (View: 17, DB: 2) | 200 OK [http://localhost/gardens.xml]


Processing GardensController#index to json (for 127.0.0.1 at 2011-04-24 01:20:29) [GET]
  [4;36;1mGarden Load (2.0ms)[0m   [0;1mSELECT * FROM "gardens" [0m
Completed in 303ms (View: 14, DB: 2) | 200 OK [http://localhost/gardens.json]


Processing GardensController#index to json (for 127.0.0.1 at 2011-04-24 01:22:26) [GET]
  [4;35;1mGarden Load (4.0ms)[0m   [0mSELECT * FROM "gardens" [0m
Completed in 40ms (View: 6, DB: 4) | 200 OK [http://localhost/gardens.json]
